CRITICAL - 2023-01-17 11:15:44 --> Invalid file: Home/etudiant.php
in SYSTEMPATH\Exceptions\FrameworkException.php on line 33.
 1 SYSTEMPATH\View\View.php(201): CodeIgniter\Exceptions\FrameworkException::forInvalidFile('Home/etudiant.php')
 2 SYSTEMPATH\Common.php(1142): CodeIgniter\View\View->render('Home/etudiant', [], true)
 3 APPPATH\Controllers\Home.php(47): view('Home/etudiant')
 4 SYSTEMPATH\CodeIgniter.php(907): App\Controllers\Home->etudiant()
 5 SYSTEMPATH\CodeIgniter.php(457): CodeIgniter\CodeIgniter->runController(Object(App\Controllers\Home))
 6 SYSTEMPATH\CodeIgniter.php(340): CodeIgniter\CodeIgniter->handleRequest(null, Object(Config\Cache), false)
 7 FCPATH\index.php(67): CodeIgniter\CodeIgniter->run()
CRITICAL - 2023-01-17 15:02:55 --> Invalid file: Home/etudiant.php
in SYSTEMPATH\Exceptions\FrameworkException.php on line 33.
 1 SYSTEMPATH\View\View.php(201): CodeIgniter\Exceptions\FrameworkException::forInvalidFile('Home/etudiant.php')
 2 SYSTEMPATH\Common.php(1142): CodeIgniter\View\View->render('Home/etudiant', [], true)
 3 APPPATH\Controllers\Home.php(47): view('Home/etudiant')
 4 SYSTEMPATH\CodeIgniter.php(907): App\Controllers\Home->etudiant()
 5 SYSTEMPATH\CodeIgniter.php(457): CodeIgniter\CodeIgniter->runController(Object(App\Controllers\Home))
 6 SYSTEMPATH\CodeIgniter.php(340): CodeIgniter\CodeIgniter->handleRequest(null, Object(Config\Cache), false)
 7 FCPATH\index.php(67): CodeIgniter\CodeIgniter->run()
CRITICAL - 2023-01-17 15:15:41 --> Invalid file: publbic/Home/accueil.php
in SYSTEMPATH\Exceptions\FrameworkException.php on line 33.
 1 SYSTEMPATH\View\View.php(201): CodeIgniter\Exceptions\FrameworkException::forInvalidFile('publbic/Home/accueil.php')
 2 SYSTEMPATH\Common.php(1142): CodeIgniter\View\View->render('publbic/Home/accueil', [], true)
 3 APPPATH\Controllers\Home.php(33): view('publbic/Home/accueil')
 4 SYSTEMPATH\CodeIgniter.php(907): App\Controllers\Home->index()
 5 SYSTEMPATH\CodeIgniter.php(457): CodeIgniter\CodeIgniter->runController(Object(App\Controllers\Home))
 6 SYSTEMPATH\CodeIgniter.php(340): CodeIgniter\CodeIgniter->handleRequest(null, Object(Config\Cache), false)
 7 FCPATH\index.php(67): CodeIgniter\CodeIgniter->run()
CRITICAL - 2023-01-17 15:15:43 --> Invalid file: publbic/Home/accueil.php
in SYSTEMPATH\Exceptions\FrameworkException.php on line 33.
 1 SYSTEMPATH\View\View.php(201): CodeIgniter\Exceptions\FrameworkException::forInvalidFile('publbic/Home/accueil.php')
 2 SYSTEMPATH\Common.php(1142): CodeIgniter\View\View->render('publbic/Home/accueil', [], true)
 3 APPPATH\Controllers\Home.php(33): view('publbic/Home/accueil')
 4 SYSTEMPATH\CodeIgniter.php(907): App\Controllers\Home->index()
 5 SYSTEMPATH\CodeIgniter.php(457): CodeIgniter\CodeIgniter->runController(Object(App\Controllers\Home))
 6 SYSTEMPATH\CodeIgniter.php(340): CodeIgniter\CodeIgniter->handleRequest(null, Object(Config\Cache), false)
 7 FCPATH\index.php(67): CodeIgniter\CodeIgniter->run()
CRITICAL - 2023-01-17 15:16:24 --> Invalid file: Home/accueil.php
in SYSTEMPATH\Exceptions\FrameworkException.php on line 33.
 1 SYSTEMPATH\View\View.php(201): CodeIgniter\Exceptions\FrameworkException::forInvalidFile('Home/accueil.php')
 2 SYSTEMPATH\Common.php(1142): CodeIgniter\View\View->render('Home/accueil', [], true)
 3 APPPATH\Controllers\Home.php(33): view('Home/accueil')
 4 SYSTEMPATH\CodeIgniter.php(907): App\Controllers\Home->index()
 5 SYSTEMPATH\CodeIgniter.php(457): CodeIgniter\CodeIgniter->runController(Object(App\Controllers\Home))
 6 SYSTEMPATH\CodeIgniter.php(340): CodeIgniter\CodeIgniter->handleRequest(null, Object(Config\Cache), false)
 7 FCPATH\index.php(67): CodeIgniter\CodeIgniter->run()
