ERROR - 2023-02-07 02:23:00 --> mysqli_sql_exception: Column 'id_promotion' cannot be null in C:\xampp\htdocs\gestion_univ\system\Database\MySQLi\Connection.php:292
Stack trace:
#0 C:\xampp\htdocs\gestion_univ\system\Database\MySQLi\Connection.php(292): mysqli->query('INSERT INTO `et...', 0)
#1 C:\xampp\htdocs\gestion_univ\system\Database\BaseConnection.php(693): CodeIgniter\Database\MySQLi\Connection->execute('INSERT INTO `et...')
#2 C:\xampp\htdocs\gestion_univ\system\Database\BaseConnection.php(620): CodeIgniter\Database\BaseConnection->simpleQuery('INSERT INTO `et...')
#3 C:\xampp\htdocs\gestion_univ\system\Database\BaseBuilder.php(1916): CodeIgniter\Database\BaseConnection->query('INSERT INTO `et...', Array, false)
#4 C:\xampp\htdocs\gestion_univ\system\Model.php(279): CodeIgniter\Database\BaseBuilder->insert()
#5 C:\xampp\htdocs\gestion_univ\system\BaseModel.php(738): CodeIgniter\Model->doInsert(Array)
#6 C:\xampp\htdocs\gestion_univ\system\Model.php(667): CodeIgniter\BaseModel->insert(Array, true)
#7 C:\xampp\htdocs\gestion_univ\app\Controllers\Home.php(81): CodeIgniter\Model->insert(Array)
#8 C:\xampp\htdocs\gestion_univ\system\CodeIgniter.php(907): App\Controllers\Home->ajouter_etudiant()
#9 C:\xampp\htdocs\gestion_univ\system\CodeIgniter.php(457): CodeIgniter\CodeIgniter->runController(Object(App\Controllers\Home))
#10 C:\xampp\htdocs\gestion_univ\system\CodeIgniter.php(340): CodeIgniter\CodeIgniter->handleRequest(NULL, Object(Config\Cache), false)
#11 C:\xampp\htdocs\gestion_univ\public\index.php(67): CodeIgniter\CodeIgniter->run()
#12 {main}
CRITICAL - 2023-02-07 02:23:00 --> Column 'id_promotion' cannot be null
in SYSTEMPATH\Database\MySQLi\Connection.php on line 292.
 1 SYSTEMPATH\Database\MySQLi\Connection.php(292): mysqli->query('INSERT INTO `etudiant` (`nom`, `postnom`, `prenom`, `genre`, `date_naissance`, `lieu_naissance`, `id_promotion`, `date_creation`, `date_modification`) VALUES (\'Debesco\', \'Abdoulaye\', \'Fatimé\', \'F\', \'11-03-2009\', \'Abeché\', NULL, \'2023-02-07 02:23:00\', \'2023-02-07 02:23:00\')', 0)
 2 SYSTEMPATH\Database\BaseConnection.php(693): CodeIgniter\Database\MySQLi\Connection->execute('INSERT INTO `etudiant` (`nom`, `postnom`, `prenom`, `genre`, `date_naissance`, `lieu_naissance`, `id_promotion`, `date_creation`, `date_modification`) VALUES (\'Debesco\', \'Abdoulaye\', \'Fatimé\', \'F\', \'11-03-2009\', \'Abeché\', NULL, \'2023-02-07 02:23:00\', \'2023-02-07 02:23:00\')')
 3 SYSTEMPATH\Database\BaseConnection.php(620): CodeIgniter\Database\BaseConnection->simpleQuery('INSERT INTO `etudiant` (`nom`, `postnom`, `prenom`, `genre`, `date_naissance`, `lieu_naissance`, `id_promotion`, `date_creation`, `date_modification`) VALUES (\'Debesco\', \'Abdoulaye\', \'Fatimé\', \'F\', \'11-03-2009\', \'Abeché\', NULL, \'2023-02-07 02:23:00\', \'2023-02-07 02:23:00\')')
 4 SYSTEMPATH\Database\BaseBuilder.php(1916): CodeIgniter\Database\BaseConnection->query('INSERT INTO `etudiant` (`nom`, `postnom`, `prenom`, `genre`, `date_naissance`, `lieu_naissance`, `id_promotion`, `date_creation`, `date_modification`) VALUES (:nom:, :postnom:, :prenom:, :genre:, :date_naissance:, :lieu_naissance:, :id_promotion:, :date_creation:, :date_modification:)', [...], false)
 5 SYSTEMPATH\Model.php(279): CodeIgniter\Database\BaseBuilder->insert()
 6 SYSTEMPATH\BaseModel.php(738): CodeIgniter\Model->doInsert([...])
 7 SYSTEMPATH\Model.php(667): CodeIgniter\BaseModel->insert([...], true)
 8 APPPATH\Controllers\Home.php(81): CodeIgniter\Model->insert([...])
 9 SYSTEMPATH\CodeIgniter.php(907): App\Controllers\Home->ajouter_etudiant()
10 SYSTEMPATH\CodeIgniter.php(457): CodeIgniter\CodeIgniter->runController(Object(App\Controllers\Home))
11 SYSTEMPATH\CodeIgniter.php(340): CodeIgniter\CodeIgniter->handleRequest(null, Object(Config\Cache), false)
12 FCPATH\index.php(67): CodeIgniter\CodeIgniter->run()
ERROR - 2023-02-07 02:28:20 --> mysqli_sql_exception: Column 'id_promotion' cannot be null in C:\xampp\htdocs\gestion_univ\system\Database\MySQLi\Connection.php:292
Stack trace:
#0 C:\xampp\htdocs\gestion_univ\system\Database\MySQLi\Connection.php(292): mysqli->query('INSERT INTO `et...', 0)
#1 C:\xampp\htdocs\gestion_univ\system\Database\BaseConnection.php(693): CodeIgniter\Database\MySQLi\Connection->execute('INSERT INTO `et...')
#2 C:\xampp\htdocs\gestion_univ\system\Database\BaseConnection.php(620): CodeIgniter\Database\BaseConnection->simpleQuery('INSERT INTO `et...')
#3 C:\xampp\htdocs\gestion_univ\system\Database\BaseBuilder.php(1916): CodeIgniter\Database\BaseConnection->query('INSERT INTO `et...', Array, false)
#4 C:\xampp\htdocs\gestion_univ\system\Model.php(279): CodeIgniter\Database\BaseBuilder->insert()
#5 C:\xampp\htdocs\gestion_univ\system\BaseModel.php(738): CodeIgniter\Model->doInsert(Array)
#6 C:\xampp\htdocs\gestion_univ\system\Model.php(667): CodeIgniter\BaseModel->insert(Array, true)
#7 C:\xampp\htdocs\gestion_univ\app\Controllers\Home.php(81): CodeIgniter\Model->insert(Array)
#8 C:\xampp\htdocs\gestion_univ\system\CodeIgniter.php(907): App\Controllers\Home->ajouter_etudiant()
#9 C:\xampp\htdocs\gestion_univ\system\CodeIgniter.php(457): CodeIgniter\CodeIgniter->runController(Object(App\Controllers\Home))
#10 C:\xampp\htdocs\gestion_univ\system\CodeIgniter.php(340): CodeIgniter\CodeIgniter->handleRequest(NULL, Object(Config\Cache), false)
#11 C:\xampp\htdocs\gestion_univ\public\index.php(67): CodeIgniter\CodeIgniter->run()
#12 {main}
CRITICAL - 2023-02-07 02:28:20 --> Column 'id_promotion' cannot be null
in SYSTEMPATH\Database\MySQLi\Connection.php on line 292.
 1 SYSTEMPATH\Database\MySQLi\Connection.php(292): mysqli->query('INSERT INTO `etudiant` (`nom`, `postnom`, `prenom`, `genre`, `date_naissance`, `lieu_naissance`, `id_promotion`, `date_creation`, `date_modification`) VALUES (\'Debesco\', \'Abdoulaye\', \'Fatimé\', \'F\', \'11-03-2009\', \'Abeché\', NULL, \'2023-02-07 02:28:20\', \'2023-02-07 02:28:20\')', 0)
 2 SYSTEMPATH\Database\BaseConnection.php(693): CodeIgniter\Database\MySQLi\Connection->execute('INSERT INTO `etudiant` (`nom`, `postnom`, `prenom`, `genre`, `date_naissance`, `lieu_naissance`, `id_promotion`, `date_creation`, `date_modification`) VALUES (\'Debesco\', \'Abdoulaye\', \'Fatimé\', \'F\', \'11-03-2009\', \'Abeché\', NULL, \'2023-02-07 02:28:20\', \'2023-02-07 02:28:20\')')
 3 SYSTEMPATH\Database\BaseConnection.php(620): CodeIgniter\Database\BaseConnection->simpleQuery('INSERT INTO `etudiant` (`nom`, `postnom`, `prenom`, `genre`, `date_naissance`, `lieu_naissance`, `id_promotion`, `date_creation`, `date_modification`) VALUES (\'Debesco\', \'Abdoulaye\', \'Fatimé\', \'F\', \'11-03-2009\', \'Abeché\', NULL, \'2023-02-07 02:28:20\', \'2023-02-07 02:28:20\')')
 4 SYSTEMPATH\Database\BaseBuilder.php(1916): CodeIgniter\Database\BaseConnection->query('INSERT INTO `etudiant` (`nom`, `postnom`, `prenom`, `genre`, `date_naissance`, `lieu_naissance`, `id_promotion`, `date_creation`, `date_modification`) VALUES (:nom:, :postnom:, :prenom:, :genre:, :date_naissance:, :lieu_naissance:, :id_promotion:, :date_creation:, :date_modification:)', [...], false)
 5 SYSTEMPATH\Model.php(279): CodeIgniter\Database\BaseBuilder->insert()
 6 SYSTEMPATH\BaseModel.php(738): CodeIgniter\Model->doInsert([...])
 7 SYSTEMPATH\Model.php(667): CodeIgniter\BaseModel->insert([...], true)
 8 APPPATH\Controllers\Home.php(81): CodeIgniter\Model->insert([...])
 9 SYSTEMPATH\CodeIgniter.php(907): App\Controllers\Home->ajouter_etudiant()
10 SYSTEMPATH\CodeIgniter.php(457): CodeIgniter\CodeIgniter->runController(Object(App\Controllers\Home))
11 SYSTEMPATH\CodeIgniter.php(340): CodeIgniter\CodeIgniter->handleRequest(null, Object(Config\Cache), false)
12 FCPATH\index.php(67): CodeIgniter\CodeIgniter->run()
ERROR - 2023-02-07 02:30:43 --> mysqli_sql_exception: Unknown column 'promotion' in 'field list' in C:\xampp\htdocs\gestion_univ\system\Database\MySQLi\Connection.php:292
Stack trace:
#0 C:\xampp\htdocs\gestion_univ\system\Database\MySQLi\Connection.php(292): mysqli->query('INSERT INTO `et...', 0)
#1 C:\xampp\htdocs\gestion_univ\system\Database\BaseConnection.php(693): CodeIgniter\Database\MySQLi\Connection->execute('INSERT INTO `et...')
#2 C:\xampp\htdocs\gestion_univ\system\Database\BaseConnection.php(620): CodeIgniter\Database\BaseConnection->simpleQuery('INSERT INTO `et...')
#3 C:\xampp\htdocs\gestion_univ\system\Database\BaseBuilder.php(1916): CodeIgniter\Database\BaseConnection->query('INSERT INTO `et...', Array, false)
#4 C:\xampp\htdocs\gestion_univ\system\Model.php(279): CodeIgniter\Database\BaseBuilder->insert()
#5 C:\xampp\htdocs\gestion_univ\system\BaseModel.php(738): CodeIgniter\Model->doInsert(Array)
#6 C:\xampp\htdocs\gestion_univ\system\Model.php(667): CodeIgniter\BaseModel->insert(Array, true)
#7 C:\xampp\htdocs\gestion_univ\app\Controllers\Home.php(83): CodeIgniter\Model->insert(Array)
#8 C:\xampp\htdocs\gestion_univ\system\CodeIgniter.php(907): App\Controllers\Home->ajouter_etudiant()
#9 C:\xampp\htdocs\gestion_univ\system\CodeIgniter.php(457): CodeIgniter\CodeIgniter->runController(Object(App\Controllers\Home))
#10 C:\xampp\htdocs\gestion_univ\system\CodeIgniter.php(340): CodeIgniter\CodeIgniter->handleRequest(NULL, Object(Config\Cache), false)
#11 C:\xampp\htdocs\gestion_univ\public\index.php(67): CodeIgniter\CodeIgniter->run()
#12 {main}
CRITICAL - 2023-02-07 02:30:43 --> Unknown column 'promotion' in 'field list'
in SYSTEMPATH\Database\MySQLi\Connection.php on line 292.
 1 SYSTEMPATH\Database\MySQLi\Connection.php(292): mysqli->query('INSERT INTO `etudiant` (`nom`, `postnom`, `prenom`, `genre`, `date_naissance`, `lieu_naissance`, `promotion`, `id_promotion`, `date_creation`, `date_modification`) VALUES (\'Debesco\', \'Abdoulaye\', \'Fatimé\', \'F\', \'11-03-2009\', \'Abeché\', NULL, NULL, \'2023-02-07 02:30:43\', \'2023-02-07 02:30:43\')', 0)
 2 SYSTEMPATH\Database\BaseConnection.php(693): CodeIgniter\Database\MySQLi\Connection->execute('INSERT INTO `etudiant` (`nom`, `postnom`, `prenom`, `genre`, `date_naissance`, `lieu_naissance`, `promotion`, `id_promotion`, `date_creation`, `date_modification`) VALUES (\'Debesco\', \'Abdoulaye\', \'Fatimé\', \'F\', \'11-03-2009\', \'Abeché\', NULL, NULL, \'2023-02-07 02:30:43\', \'2023-02-07 02:30:43\')')
 3 SYSTEMPATH\Database\BaseConnection.php(620): CodeIgniter\Database\BaseConnection->simpleQuery('INSERT INTO `etudiant` (`nom`, `postnom`, `prenom`, `genre`, `date_naissance`, `lieu_naissance`, `promotion`, `id_promotion`, `date_creation`, `date_modification`) VALUES (\'Debesco\', \'Abdoulaye\', \'Fatimé\', \'F\', \'11-03-2009\', \'Abeché\', NULL, NULL, \'2023-02-07 02:30:43\', \'2023-02-07 02:30:43\')')
 4 SYSTEMPATH\Database\BaseBuilder.php(1916): CodeIgniter\Database\BaseConnection->query('INSERT INTO `etudiant` (`nom`, `postnom`, `prenom`, `genre`, `date_naissance`, `lieu_naissance`, `promotion`, `id_promotion`, `date_creation`, `date_modification`) VALUES (:nom:, :postnom:, :prenom:, :genre:, :date_naissance:, :lieu_naissance:, :promotion:, :id_promotion:, :date_creation:, :date_modification:)', [...], false)
 5 SYSTEMPATH\Model.php(279): CodeIgniter\Database\BaseBuilder->insert()
 6 SYSTEMPATH\BaseModel.php(738): CodeIgniter\Model->doInsert([...])
 7 SYSTEMPATH\Model.php(667): CodeIgniter\BaseModel->insert([...], true)
 8 APPPATH\Controllers\Home.php(83): CodeIgniter\Model->insert([...])
 9 SYSTEMPATH\CodeIgniter.php(907): App\Controllers\Home->ajouter_etudiant()
10 SYSTEMPATH\CodeIgniter.php(457): CodeIgniter\CodeIgniter->runController(Object(App\Controllers\Home))
11 SYSTEMPATH\CodeIgniter.php(340): CodeIgniter\CodeIgniter->handleRequest(null, Object(Config\Cache), false)
12 FCPATH\index.php(67): CodeIgniter\CodeIgniter->run()
ERROR - 2023-02-07 02:35:48 --> mysqli_sql_exception: Unknown column 'promotion' in 'field list' in C:\xampp\htdocs\gestion_univ\system\Database\MySQLi\Connection.php:292
Stack trace:
#0 C:\xampp\htdocs\gestion_univ\system\Database\MySQLi\Connection.php(292): mysqli->query('INSERT INTO `et...', 0)
#1 C:\xampp\htdocs\gestion_univ\system\Database\BaseConnection.php(693): CodeIgniter\Database\MySQLi\Connection->execute('INSERT INTO `et...')
#2 C:\xampp\htdocs\gestion_univ\system\Database\BaseConnection.php(620): CodeIgniter\Database\BaseConnection->simpleQuery('INSERT INTO `et...')
#3 C:\xampp\htdocs\gestion_univ\system\Database\BaseBuilder.php(1916): CodeIgniter\Database\BaseConnection->query('INSERT INTO `et...', Array, false)
#4 C:\xampp\htdocs\gestion_univ\system\Model.php(279): CodeIgniter\Database\BaseBuilder->insert()
#5 C:\xampp\htdocs\gestion_univ\system\BaseModel.php(738): CodeIgniter\Model->doInsert(Array)
#6 C:\xampp\htdocs\gestion_univ\system\Model.php(667): CodeIgniter\BaseModel->insert(Array, true)
#7 C:\xampp\htdocs\gestion_univ\app\Controllers\Home.php(83): CodeIgniter\Model->insert(Array)
#8 C:\xampp\htdocs\gestion_univ\system\CodeIgniter.php(907): App\Controllers\Home->ajouter_etudiant()
#9 C:\xampp\htdocs\gestion_univ\system\CodeIgniter.php(457): CodeIgniter\CodeIgniter->runController(Object(App\Controllers\Home))
#10 C:\xampp\htdocs\gestion_univ\system\CodeIgniter.php(340): CodeIgniter\CodeIgniter->handleRequest(NULL, Object(Config\Cache), false)
#11 C:\xampp\htdocs\gestion_univ\public\index.php(67): CodeIgniter\CodeIgniter->run()
#12 {main}
CRITICAL - 2023-02-07 02:35:48 --> Unknown column 'promotion' in 'field list'
in SYSTEMPATH\Database\MySQLi\Connection.php on line 292.
 1 SYSTEMPATH\Database\MySQLi\Connection.php(292): mysqli->query('INSERT INTO `etudiant` (`nom`, `postnom`, `prenom`, `genre`, `date_naissance`, `lieu_naissance`, `promotion`, `id_promotion`, `date_creation`, `date_modification`) VALUES (\'djimadoum\', \'Abdoulaye\', \'Fatimé\', \'F\', \'11-03-2009\', \'Abeché\', NULL, NULL, \'2023-02-07 02:35:48\', \'2023-02-07 02:35:48\')', 0)
 2 SYSTEMPATH\Database\BaseConnection.php(693): CodeIgniter\Database\MySQLi\Connection->execute('INSERT INTO `etudiant` (`nom`, `postnom`, `prenom`, `genre`, `date_naissance`, `lieu_naissance`, `promotion`, `id_promotion`, `date_creation`, `date_modification`) VALUES (\'djimadoum\', \'Abdoulaye\', \'Fatimé\', \'F\', \'11-03-2009\', \'Abeché\', NULL, NULL, \'2023-02-07 02:35:48\', \'2023-02-07 02:35:48\')')
 3 SYSTEMPATH\Database\BaseConnection.php(620): CodeIgniter\Database\BaseConnection->simpleQuery('INSERT INTO `etudiant` (`nom`, `postnom`, `prenom`, `genre`, `date_naissance`, `lieu_naissance`, `promotion`, `id_promotion`, `date_creation`, `date_modification`) VALUES (\'djimadoum\', \'Abdoulaye\', \'Fatimé\', \'F\', \'11-03-2009\', \'Abeché\', NULL, NULL, \'2023-02-07 02:35:48\', \'2023-02-07 02:35:48\')')
 4 SYSTEMPATH\Database\BaseBuilder.php(1916): CodeIgniter\Database\BaseConnection->query('INSERT INTO `etudiant` (`nom`, `postnom`, `prenom`, `genre`, `date_naissance`, `lieu_naissance`, `promotion`, `id_promotion`, `date_creation`, `date_modification`) VALUES (:nom:, :postnom:, :prenom:, :genre:, :date_naissance:, :lieu_naissance:, :promotion:, :id_promotion:, :date_creation:, :date_modification:)', [...], false)
 5 SYSTEMPATH\Model.php(279): CodeIgniter\Database\BaseBuilder->insert()
 6 SYSTEMPATH\BaseModel.php(738): CodeIgniter\Model->doInsert([...])
 7 SYSTEMPATH\Model.php(667): CodeIgniter\BaseModel->insert([...], true)
 8 APPPATH\Controllers\Home.php(83): CodeIgniter\Model->insert([...])
 9 SYSTEMPATH\CodeIgniter.php(907): App\Controllers\Home->ajouter_etudiant()
10 SYSTEMPATH\CodeIgniter.php(457): CodeIgniter\CodeIgniter->runController(Object(App\Controllers\Home))
11 SYSTEMPATH\CodeIgniter.php(340): CodeIgniter\CodeIgniter->handleRequest(null, Object(Config\Cache), false)
12 FCPATH\index.php(67): CodeIgniter\CodeIgniter->run()
CRITICAL - 2023-02-07 02:38:36 --> Undefined array key "promotion"
in APPPATH\Views\Home\etudiant.php on line 327.
 1 APPPATH\Views\Home\etudiant.php(327): CodeIgniter\Debug\Exceptions->errorHandler(2, 'Undefined array key "promotion"', 'APPPATH\\Views\\Home\\etudiant.php', 327)
 2 SYSTEMPATH\View\View.php(213): include('APPPATH\\Views\\Home\\etudiant.php')
 3 SYSTEMPATH\View\View.php(216): CodeIgniter\View\View->CodeIgniter\View\{closure}()
 4 SYSTEMPATH\Common.php(1142): CodeIgniter\View\View->render('Home/etudiant', [], true)
 5 APPPATH\Controllers\Home.php(57): view('Home/etudiant', [...])
 6 SYSTEMPATH\CodeIgniter.php(907): App\Controllers\Home->etudiant()
 7 SYSTEMPATH\CodeIgniter.php(457): CodeIgniter\CodeIgniter->runController(Object(App\Controllers\Home))
 8 SYSTEMPATH\CodeIgniter.php(340): CodeIgniter\CodeIgniter->handleRequest(null, Object(Config\Cache), false)
 9 FCPATH\index.php(67): CodeIgniter\CodeIgniter->run()
CRITICAL - 2023-02-07 02:38:54 --> Undefined array key "promotion"
in APPPATH\Views\Home\etudiant.php on line 327.
 1 APPPATH\Views\Home\etudiant.php(327): CodeIgniter\Debug\Exceptions->errorHandler(2, 'Undefined array key "promotion"', 'APPPATH\\Views\\Home\\etudiant.php', 327)
 2 SYSTEMPATH\View\View.php(213): include('APPPATH\\Views\\Home\\etudiant.php')
 3 SYSTEMPATH\View\View.php(216): CodeIgniter\View\View->CodeIgniter\View\{closure}()
 4 SYSTEMPATH\Common.php(1142): CodeIgniter\View\View->render('Home/etudiant', [], true)
 5 APPPATH\Controllers\Home.php(57): view('Home/etudiant', [...])
 6 SYSTEMPATH\CodeIgniter.php(907): App\Controllers\Home->etudiant()
 7 SYSTEMPATH\CodeIgniter.php(457): CodeIgniter\CodeIgniter->runController(Object(App\Controllers\Home))
 8 SYSTEMPATH\CodeIgniter.php(340): CodeIgniter\CodeIgniter->handleRequest(null, Object(Config\Cache), false)
 9 FCPATH\index.php(67): CodeIgniter\CodeIgniter->run()
CRITICAL - 2023-02-07 02:38:57 --> Undefined array key "promotion"
in APPPATH\Views\Home\etudiant.php on line 327.
 1 APPPATH\Views\Home\etudiant.php(327): CodeIgniter\Debug\Exceptions->errorHandler(2, 'Undefined array key "promotion"', 'APPPATH\\Views\\Home\\etudiant.php', 327)
 2 SYSTEMPATH\View\View.php(213): include('APPPATH\\Views\\Home\\etudiant.php')
 3 SYSTEMPATH\View\View.php(216): CodeIgniter\View\View->CodeIgniter\View\{closure}()
 4 SYSTEMPATH\Common.php(1142): CodeIgniter\View\View->render('Home/etudiant', [], true)
 5 APPPATH\Controllers\Home.php(57): view('Home/etudiant', [...])
 6 SYSTEMPATH\CodeIgniter.php(907): App\Controllers\Home->etudiant()
 7 SYSTEMPATH\CodeIgniter.php(457): CodeIgniter\CodeIgniter->runController(Object(App\Controllers\Home))
 8 SYSTEMPATH\CodeIgniter.php(340): CodeIgniter\CodeIgniter->handleRequest(null, Object(Config\Cache), false)
 9 FCPATH\index.php(67): CodeIgniter\CodeIgniter->run()
ERROR - 2023-02-07 02:43:04 --> mysqli_sql_exception: Unknown column 'etudiant.date_suppression' in 'where clause' in C:\xampp\htdocs\gestion_univ\system\Database\MySQLi\Connection.php:292
Stack trace:
#0 C:\xampp\htdocs\gestion_univ\system\Database\MySQLi\Connection.php(292): mysqli->query('SELECT *\nFROM `...', 0)
#1 C:\xampp\htdocs\gestion_univ\system\Database\BaseConnection.php(693): CodeIgniter\Database\MySQLi\Connection->execute('SELECT *\nFROM `...')
#2 C:\xampp\htdocs\gestion_univ\system\Database\BaseConnection.php(620): CodeIgniter\Database\BaseConnection->simpleQuery('SELECT *\nFROM `...')
#3 C:\xampp\htdocs\gestion_univ\system\Database\BaseBuilder.php(1585): CodeIgniter\Database\BaseConnection->query('SELECT *\nFROM `...', Array, false)
#4 C:\xampp\htdocs\gestion_univ\system\Model.php(223): CodeIgniter\Database\BaseBuilder->get()
#5 C:\xampp\htdocs\gestion_univ\system\BaseModel.php(584): CodeIgniter\Model->doFindAll(0, 0)
#6 C:\xampp\htdocs\gestion_univ\app\Controllers\Home.php(55): CodeIgniter\BaseModel->findAll()
#7 C:\xampp\htdocs\gestion_univ\system\CodeIgniter.php(907): App\Controllers\Home->etudiant()
#8 C:\xampp\htdocs\gestion_univ\system\CodeIgniter.php(457): CodeIgniter\CodeIgniter->runController(Object(App\Controllers\Home))
#9 C:\xampp\htdocs\gestion_univ\system\CodeIgniter.php(340): CodeIgniter\CodeIgniter->handleRequest(NULL, Object(Config\Cache), false)
#10 C:\xampp\htdocs\gestion_univ\public\index.php(67): CodeIgniter\CodeIgniter->run()
#11 {main}
CRITICAL - 2023-02-07 02:43:04 --> Unknown column 'etudiant.date_suppression' in 'where clause'
in SYSTEMPATH\Database\MySQLi\Connection.php on line 292.
 1 SYSTEMPATH\Database\MySQLi\Connection.php(292): mysqli->query('SELECT *
FROM `etudiant`
WHERE `etudiant`.`date_suppression` IS NULL', 0)
 2 SYSTEMPATH\Database\BaseConnection.php(693): CodeIgniter\Database\MySQLi\Connection->execute('SELECT *
FROM `etudiant`
WHERE `etudiant`.`date_suppression` IS NULL')
 3 SYSTEMPATH\Database\BaseConnection.php(620): CodeIgniter\Database\BaseConnection->simpleQuery('SELECT *
FROM `etudiant`
WHERE `etudiant`.`date_suppression` IS NULL')
 4 SYSTEMPATH\Database\BaseBuilder.php(1585): CodeIgniter\Database\BaseConnection->query('SELECT *
FROM `etudiant`
WHERE `etudiant`.`date_suppression` IS NULL', [], false)
 5 SYSTEMPATH\Model.php(223): CodeIgniter\Database\BaseBuilder->get()
 6 SYSTEMPATH\BaseModel.php(584): CodeIgniter\Model->doFindAll(0, 0)
 7 APPPATH\Controllers\Home.php(55): CodeIgniter\BaseModel->findAll()
 8 SYSTEMPATH\CodeIgniter.php(907): App\Controllers\Home->etudiant()
 9 SYSTEMPATH\CodeIgniter.php(457): CodeIgniter\CodeIgniter->runController(Object(App\Controllers\Home))
10 SYSTEMPATH\CodeIgniter.php(340): CodeIgniter\CodeIgniter->handleRequest(null, Object(Config\Cache), false)
11 FCPATH\index.php(67): CodeIgniter\CodeIgniter->run()
ERROR - 2023-02-07 02:45:42 --> mysqli_sql_exception: Unknown column 'id' in 'where clause' in C:\xampp\htdocs\gestion_univ\system\Database\MySQLi\Connection.php:292
Stack trace:
#0 C:\xampp\htdocs\gestion_univ\system\Database\MySQLi\Connection.php(292): mysqli->query('SELECT *\nFROM `...', 0)
#1 C:\xampp\htdocs\gestion_univ\system\Database\BaseConnection.php(693): CodeIgniter\Database\MySQLi\Connection->execute('SELECT *\nFROM `...')
#2 C:\xampp\htdocs\gestion_univ\system\Database\BaseConnection.php(620): CodeIgniter\Database\BaseConnection->simpleQuery('SELECT *\nFROM `...')
#3 C:\xampp\htdocs\gestion_univ\system\Database\BaseBuilder.php(1585): CodeIgniter\Database\BaseConnection->query('SELECT *\nFROM `...', Array, false)
#4 C:\xampp\htdocs\gestion_univ\system\Model.php(250): CodeIgniter\Database\BaseBuilder->get()
#5 C:\xampp\htdocs\gestion_univ\system\BaseModel.php(622): CodeIgniter\Model->doFirst()
#6 C:\xampp\htdocs\gestion_univ\app\Controllers\Home.php(166): CodeIgniter\BaseModel->first()
#7 C:\xampp\htdocs\gestion_univ\system\CodeIgniter.php(907): App\Controllers\Home->modifier_promotion('5')
#8 C:\xampp\htdocs\gestion_univ\system\CodeIgniter.php(457): CodeIgniter\CodeIgniter->runController(Object(App\Controllers\Home))
#9 C:\xampp\htdocs\gestion_univ\system\CodeIgniter.php(340): CodeIgniter\CodeIgniter->handleRequest(NULL, Object(Config\Cache), false)
#10 C:\xampp\htdocs\gestion_univ\public\index.php(67): CodeIgniter\CodeIgniter->run()
#11 {main}
CRITICAL - 2023-02-07 02:45:42 --> Unknown column 'id' in 'where clause'
in SYSTEMPATH\Database\MySQLi\Connection.php on line 292.
 1 SYSTEMPATH\Database\MySQLi\Connection.php(292): mysqli->query('SELECT *
FROM `promotion`
WHERE `id` = \'5\'
AND `promotion`.`date_suppression` IS NULL
 LIMIT 1', 0)
 2 SYSTEMPATH\Database\BaseConnection.php(693): CodeIgniter\Database\MySQLi\Connection->execute('SELECT *
FROM `promotion`
WHERE `id` = \'5\'
AND `promotion`.`date_suppression` IS NULL
 LIMIT 1')
 3 SYSTEMPATH\Database\BaseConnection.php(620): CodeIgniter\Database\BaseConnection->simpleQuery('SELECT *
FROM `promotion`
WHERE `id` = \'5\'
AND `promotion`.`date_suppression` IS NULL
 LIMIT 1')
 4 SYSTEMPATH\Database\BaseBuilder.php(1585): CodeIgniter\Database\BaseConnection->query('SELECT *
FROM `promotion`
WHERE `id` = :id:
AND `promotion`.`date_suppression` IS NULL
 LIMIT 1', [...], false)
 5 SYSTEMPATH\Model.php(250): CodeIgniter\Database\BaseBuilder->get()
 6 SYSTEMPATH\BaseModel.php(622): CodeIgniter\Model->doFirst()
 7 APPPATH\Controllers\Home.php(166): CodeIgniter\BaseModel->first()
 8 SYSTEMPATH\CodeIgniter.php(907): App\Controllers\Home->modifier_promotion('5')
 9 SYSTEMPATH\CodeIgniter.php(457): CodeIgniter\CodeIgniter->runController(Object(App\Controllers\Home))
10 SYSTEMPATH\CodeIgniter.php(340): CodeIgniter\CodeIgniter->handleRequest(null, Object(Config\Cache), false)
11 FCPATH\index.php(67): CodeIgniter\CodeIgniter->run()
CRITICAL - 2023-02-07 02:46:57 --> Undefined array key "id"
in APPPATH\Views\Home\promotion.php on line 215.
 1 APPPATH\Views\Home\promotion.php(215): CodeIgniter\Debug\Exceptions->errorHandler(2, 'Undefined array key "id"', 'APPPATH\\Views\\Home\\promotion.php', 215)
 2 SYSTEMPATH\View\View.php(213): include('APPPATH\\Views\\Home\\promotion.php')
 3 SYSTEMPATH\View\View.php(216): CodeIgniter\View\View->CodeIgniter\View\{closure}()
 4 SYSTEMPATH\Common.php(1142): CodeIgniter\View\View->render('Home/promotion', [], true)
 5 APPPATH\Controllers\Home.php(168): view('Home/promotion', [...])
 6 SYSTEMPATH\CodeIgniter.php(907): App\Controllers\Home->modifier_promotion('5')
 7 SYSTEMPATH\CodeIgniter.php(457): CodeIgniter\CodeIgniter->runController(Object(App\Controllers\Home))
 8 SYSTEMPATH\CodeIgniter.php(340): CodeIgniter\CodeIgniter->handleRequest(null, Object(Config\Cache), false)
 9 FCPATH\index.php(67): CodeIgniter\CodeIgniter->run()
