CRITICAL - 2023-02-11 06:05:26 --> Undefined variable $promotions
in APPPATH\Views\Home\etudiant.php on line 289.
 1 APPPATH\Views\Home\etudiant.php(289): CodeIgniter\Debug\Exceptions->errorHandler(2, 'Undefined variable $promotions', 'APPPATH\\Views\\Home\\etudiant.php', 289)
 2 SYSTEMPATH\View\View.php(213): include('APPPATH\\Views\\Home\\etudiant.php')
 3 SYSTEMPATH\View\View.php(216): CodeIgniter\View\View->CodeIgniter\View\{closure}()
 4 SYSTEMPATH\Common.php(1142): CodeIgniter\View\View->render('Home/etudiant', [], true)
 5 APPPATH\Controllers\Home.php(102): view('Home/etudiant', [...])
 6 SYSTEMPATH\CodeIgniter.php(907): App\Controllers\Home->modifier_etudiant('6')
 7 SYSTEMPATH\CodeIgniter.php(457): CodeIgniter\CodeIgniter->runController(Object(App\Controllers\Home))
 8 SYSTEMPATH\CodeIgniter.php(340): CodeIgniter\CodeIgniter->handleRequest(null, Object(Config\Cache), false)
 9 FCPATH\index.php(67): CodeIgniter\CodeIgniter->run()
CRITICAL - 2023-02-11 06:28:50 --> Undefined variable $promotions
in APPPATH\Views\Home\etudiant.php on line 289.
 1 APPPATH\Views\Home\etudiant.php(289): CodeIgniter\Debug\Exceptions->errorHandler(2, 'Undefined variable $promotions', 'APPPATH\\Views\\Home\\etudiant.php', 289)
 2 SYSTEMPATH\View\View.php(213): include('APPPATH\\Views\\Home\\etudiant.php')
 3 SYSTEMPATH\View\View.php(216): CodeIgniter\View\View->CodeIgniter\View\{closure}()
 4 SYSTEMPATH\Common.php(1142): CodeIgniter\View\View->render('Home/etudiant', [], true)
 5 APPPATH\Controllers\Home.php(102): view('Home/etudiant', [...])
 6 SYSTEMPATH\CodeIgniter.php(907): App\Controllers\Home->modifier_etudiant('6')
 7 SYSTEMPATH\CodeIgniter.php(457): CodeIgniter\CodeIgniter->runController(Object(App\Controllers\Home))
 8 SYSTEMPATH\CodeIgniter.php(340): CodeIgniter\CodeIgniter->handleRequest(null, Object(Config\Cache), false)
 9 FCPATH\index.php(67): CodeIgniter\CodeIgniter->run()
CRITICAL - 2023-02-11 06:29:11 --> Undefined variable $promotions
in APPPATH\Views\Home\etudiant.php on line 289.
 1 APPPATH\Views\Home\etudiant.php(289): CodeIgniter\Debug\Exceptions->errorHandler(2, 'Undefined variable $promotions', 'APPPATH\\Views\\Home\\etudiant.php', 289)
 2 SYSTEMPATH\View\View.php(213): include('APPPATH\\Views\\Home\\etudiant.php')
 3 SYSTEMPATH\View\View.php(216): CodeIgniter\View\View->CodeIgniter\View\{closure}()
 4 SYSTEMPATH\Common.php(1142): CodeIgniter\View\View->render('Home/etudiant', [], true)
 5 APPPATH\Controllers\Home.php(102): view('Home/etudiant', [...])
 6 SYSTEMPATH\CodeIgniter.php(907): App\Controllers\Home->modifier_etudiant('1')
 7 SYSTEMPATH\CodeIgniter.php(457): CodeIgniter\CodeIgniter->runController(Object(App\Controllers\Home))
 8 SYSTEMPATH\CodeIgniter.php(340): CodeIgniter\CodeIgniter->handleRequest(null, Object(Config\Cache), false)
 9 FCPATH\index.php(67): CodeIgniter\CodeIgniter->run()
CRITICAL - 2023-02-11 06:34:53 --> Undefined variable $promotions
in APPPATH\Views\Home\etudiant.php on line 289.
 1 APPPATH\Views\Home\etudiant.php(289): CodeIgniter\Debug\Exceptions->errorHandler(2, 'Undefined variable $promotions', 'APPPATH\\Views\\Home\\etudiant.php', 289)
 2 SYSTEMPATH\View\View.php(213): include('APPPATH\\Views\\Home\\etudiant.php')
 3 SYSTEMPATH\View\View.php(216): CodeIgniter\View\View->CodeIgniter\View\{closure}()
 4 SYSTEMPATH\Common.php(1142): CodeIgniter\View\View->render('Home/etudiant', [], true)
 5 APPPATH\Controllers\Home.php(102): view('Home/etudiant', [...])
 6 SYSTEMPATH\CodeIgniter.php(907): App\Controllers\Home->modifier_etudiant('1')
 7 SYSTEMPATH\CodeIgniter.php(457): CodeIgniter\CodeIgniter->runController(Object(App\Controllers\Home))
 8 SYSTEMPATH\CodeIgniter.php(340): CodeIgniter\CodeIgniter->handleRequest(null, Object(Config\Cache), false)
 9 FCPATH\index.php(67): CodeIgniter\CodeIgniter->run()
CRITICAL - 2023-02-11 06:36:20 --> Undefined variable $promotions
in APPPATH\Views\Home\etudiant.php on line 289.
 1 APPPATH\Views\Home\etudiant.php(289): CodeIgniter\Debug\Exceptions->errorHandler(2, 'Undefined variable $promotions', 'APPPATH\\Views\\Home\\etudiant.php', 289)
 2 SYSTEMPATH\View\View.php(213): include('APPPATH\\Views\\Home\\etudiant.php')
 3 SYSTEMPATH\View\View.php(216): CodeIgniter\View\View->CodeIgniter\View\{closure}()
 4 SYSTEMPATH\Common.php(1142): CodeIgniter\View\View->render('Home/etudiant', [], true)
 5 APPPATH\Controllers\Home.php(102): view('Home/etudiant', [...])
 6 SYSTEMPATH\CodeIgniter.php(907): App\Controllers\Home->modifier_etudiant('1')
 7 SYSTEMPATH\CodeIgniter.php(457): CodeIgniter\CodeIgniter->runController(Object(App\Controllers\Home))
 8 SYSTEMPATH\CodeIgniter.php(340): CodeIgniter\CodeIgniter->handleRequest(null, Object(Config\Cache), false)
 9 FCPATH\index.php(67): CodeIgniter\CodeIgniter->run()
CRITICAL - 2023-02-11 06:36:28 --> Undefined variable $promotions
in APPPATH\Views\Home\etudiant.php on line 289.
 1 APPPATH\Views\Home\etudiant.php(289): CodeIgniter\Debug\Exceptions->errorHandler(2, 'Undefined variable $promotions', 'APPPATH\\Views\\Home\\etudiant.php', 289)
 2 SYSTEMPATH\View\View.php(213): include('APPPATH\\Views\\Home\\etudiant.php')
 3 SYSTEMPATH\View\View.php(216): CodeIgniter\View\View->CodeIgniter\View\{closure}()
 4 SYSTEMPATH\Common.php(1142): CodeIgniter\View\View->render('Home/etudiant', [], true)
 5 APPPATH\Controllers\Home.php(102): view('Home/etudiant', [...])
 6 SYSTEMPATH\CodeIgniter.php(907): App\Controllers\Home->modifier_etudiant('1')
 7 SYSTEMPATH\CodeIgniter.php(457): CodeIgniter\CodeIgniter->runController(Object(App\Controllers\Home))
 8 SYSTEMPATH\CodeIgniter.php(340): CodeIgniter\CodeIgniter->handleRequest(null, Object(Config\Cache), false)
 9 FCPATH\index.php(67): CodeIgniter\CodeIgniter->run()
ERROR - 2023-02-11 06:38:47 --> mysqli_sql_exception: Unknown column 'promotion' in 'field list' in C:\xampp\htdocs\gestion_univ\system\Database\MySQLi\Connection.php:292
Stack trace:
#0 C:\xampp\htdocs\gestion_univ\system\Database\MySQLi\Connection.php(292): mysqli->query('INSERT INTO `et...', 0)
#1 C:\xampp\htdocs\gestion_univ\system\Database\BaseConnection.php(693): CodeIgniter\Database\MySQLi\Connection->execute('INSERT INTO `et...')
#2 C:\xampp\htdocs\gestion_univ\system\Database\BaseConnection.php(620): CodeIgniter\Database\BaseConnection->simpleQuery('INSERT INTO `et...')
#3 C:\xampp\htdocs\gestion_univ\system\Database\BaseBuilder.php(1916): CodeIgniter\Database\BaseConnection->query('INSERT INTO `et...', Array, false)
#4 C:\xampp\htdocs\gestion_univ\system\Model.php(279): CodeIgniter\Database\BaseBuilder->insert()
#5 C:\xampp\htdocs\gestion_univ\system\BaseModel.php(738): CodeIgniter\Model->doInsert(Array)
#6 C:\xampp\htdocs\gestion_univ\system\Model.php(667): CodeIgniter\BaseModel->insert(Array, true)
#7 C:\xampp\htdocs\gestion_univ\app\Controllers\Home.php(87): CodeIgniter\Model->insert(Array)
#8 C:\xampp\htdocs\gestion_univ\system\CodeIgniter.php(907): App\Controllers\Home->ajouter_etudiant()
#9 C:\xampp\htdocs\gestion_univ\system\CodeIgniter.php(457): CodeIgniter\CodeIgniter->runController(Object(App\Controllers\Home))
#10 C:\xampp\htdocs\gestion_univ\system\CodeIgniter.php(340): CodeIgniter\CodeIgniter->handleRequest(NULL, Object(Config\Cache), false)
#11 C:\xampp\htdocs\gestion_univ\public\index.php(67): CodeIgniter\CodeIgniter->run()
#12 {main}
CRITICAL - 2023-02-11 06:38:47 --> Unknown column 'promotion' in 'field list'
in SYSTEMPATH\Database\MySQLi\Connection.php on line 292.
 1 SYSTEMPATH\Database\MySQLi\Connection.php(292): mysqli->query('INSERT INTO `etudiant` (`nom`, `postnom`, `prenom`, `genre`, `date_naissance`, `lieu_naissance`, `promotion`, `id_promotion`, `date_creation`, `date_modification`) VALUES (\'Djimé\', \'Abdoulaye\', \'Fatimé\', \'F\', \'11-03-2009\', \'Abeché\', NULL, NULL, \'2023-02-11 06:38:47\', \'2023-02-11 06:38:47\')', 0)
 2 SYSTEMPATH\Database\BaseConnection.php(693): CodeIgniter\Database\MySQLi\Connection->execute('INSERT INTO `etudiant` (`nom`, `postnom`, `prenom`, `genre`, `date_naissance`, `lieu_naissance`, `promotion`, `id_promotion`, `date_creation`, `date_modification`) VALUES (\'Djimé\', \'Abdoulaye\', \'Fatimé\', \'F\', \'11-03-2009\', \'Abeché\', NULL, NULL, \'2023-02-11 06:38:47\', \'2023-02-11 06:38:47\')')
 3 SYSTEMPATH\Database\BaseConnection.php(620): CodeIgniter\Database\BaseConnection->simpleQuery('INSERT INTO `etudiant` (`nom`, `postnom`, `prenom`, `genre`, `date_naissance`, `lieu_naissance`, `promotion`, `id_promotion`, `date_creation`, `date_modification`) VALUES (\'Djimé\', \'Abdoulaye\', \'Fatimé\', \'F\', \'11-03-2009\', \'Abeché\', NULL, NULL, \'2023-02-11 06:38:47\', \'2023-02-11 06:38:47\')')
 4 SYSTEMPATH\Database\BaseBuilder.php(1916): CodeIgniter\Database\BaseConnection->query('INSERT INTO `etudiant` (`nom`, `postnom`, `prenom`, `genre`, `date_naissance`, `lieu_naissance`, `promotion`, `id_promotion`, `date_creation`, `date_modification`) VALUES (:nom:, :postnom:, :prenom:, :genre:, :date_naissance:, :lieu_naissance:, :promotion:, :id_promotion:, :date_creation:, :date_modification:)', [...], false)
 5 SYSTEMPATH\Model.php(279): CodeIgniter\Database\BaseBuilder->insert()
 6 SYSTEMPATH\BaseModel.php(738): CodeIgniter\Model->doInsert([...])
 7 SYSTEMPATH\Model.php(667): CodeIgniter\BaseModel->insert([...], true)
 8 APPPATH\Controllers\Home.php(87): CodeIgniter\Model->insert([...])
 9 SYSTEMPATH\CodeIgniter.php(907): App\Controllers\Home->ajouter_etudiant()
10 SYSTEMPATH\CodeIgniter.php(457): CodeIgniter\CodeIgniter->runController(Object(App\Controllers\Home))
11 SYSTEMPATH\CodeIgniter.php(340): CodeIgniter\CodeIgniter->handleRequest(null, Object(Config\Cache), false)
12 FCPATH\index.php(67): CodeIgniter\CodeIgniter->run()
ERROR - 2023-02-11 06:39:57 --> mysqli_sql_exception: Column 'id_promotion' cannot be null in C:\xampp\htdocs\gestion_univ\system\Database\MySQLi\Connection.php:292
Stack trace:
#0 C:\xampp\htdocs\gestion_univ\system\Database\MySQLi\Connection.php(292): mysqli->query('INSERT INTO `et...', 0)
#1 C:\xampp\htdocs\gestion_univ\system\Database\BaseConnection.php(693): CodeIgniter\Database\MySQLi\Connection->execute('INSERT INTO `et...')
#2 C:\xampp\htdocs\gestion_univ\system\Database\BaseConnection.php(620): CodeIgniter\Database\BaseConnection->simpleQuery('INSERT INTO `et...')
#3 C:\xampp\htdocs\gestion_univ\system\Database\BaseBuilder.php(1916): CodeIgniter\Database\BaseConnection->query('INSERT INTO `et...', Array, false)
#4 C:\xampp\htdocs\gestion_univ\system\Model.php(279): CodeIgniter\Database\BaseBuilder->insert()
#5 C:\xampp\htdocs\gestion_univ\system\BaseModel.php(738): CodeIgniter\Model->doInsert(Array)
#6 C:\xampp\htdocs\gestion_univ\system\Model.php(667): CodeIgniter\BaseModel->insert(Array, true)
#7 C:\xampp\htdocs\gestion_univ\app\Controllers\Home.php(87): CodeIgniter\Model->insert(Array)
#8 C:\xampp\htdocs\gestion_univ\system\CodeIgniter.php(907): App\Controllers\Home->ajouter_etudiant()
#9 C:\xampp\htdocs\gestion_univ\system\CodeIgniter.php(457): CodeIgniter\CodeIgniter->runController(Object(App\Controllers\Home))
#10 C:\xampp\htdocs\gestion_univ\system\CodeIgniter.php(340): CodeIgniter\CodeIgniter->handleRequest(NULL, Object(Config\Cache), false)
#11 C:\xampp\htdocs\gestion_univ\public\index.php(67): CodeIgniter\CodeIgniter->run()
#12 {main}
CRITICAL - 2023-02-11 06:39:57 --> Column 'id_promotion' cannot be null
in SYSTEMPATH\Database\MySQLi\Connection.php on line 292.
 1 SYSTEMPATH\Database\MySQLi\Connection.php(292): mysqli->query('INSERT INTO `etudiant` (`nom`, `postnom`, `prenom`, `genre`, `date_naissance`, `lieu_naissance`, `id_promotion`, `date_creation`, `date_modification`) VALUES (\'Djimé\', \'Abdoulaye\', \'Fatimé\', \'F\', \'11-03-2009\', \'Abeché\', NULL, \'2023-02-11 06:39:57\', \'2023-02-11 06:39:57\')', 0)
 2 SYSTEMPATH\Database\BaseConnection.php(693): CodeIgniter\Database\MySQLi\Connection->execute('INSERT INTO `etudiant` (`nom`, `postnom`, `prenom`, `genre`, `date_naissance`, `lieu_naissance`, `id_promotion`, `date_creation`, `date_modification`) VALUES (\'Djimé\', \'Abdoulaye\', \'Fatimé\', \'F\', \'11-03-2009\', \'Abeché\', NULL, \'2023-02-11 06:39:57\', \'2023-02-11 06:39:57\')')
 3 SYSTEMPATH\Database\BaseConnection.php(620): CodeIgniter\Database\BaseConnection->simpleQuery('INSERT INTO `etudiant` (`nom`, `postnom`, `prenom`, `genre`, `date_naissance`, `lieu_naissance`, `id_promotion`, `date_creation`, `date_modification`) VALUES (\'Djimé\', \'Abdoulaye\', \'Fatimé\', \'F\', \'11-03-2009\', \'Abeché\', NULL, \'2023-02-11 06:39:57\', \'2023-02-11 06:39:57\')')
 4 SYSTEMPATH\Database\BaseBuilder.php(1916): CodeIgniter\Database\BaseConnection->query('INSERT INTO `etudiant` (`nom`, `postnom`, `prenom`, `genre`, `date_naissance`, `lieu_naissance`, `id_promotion`, `date_creation`, `date_modification`) VALUES (:nom:, :postnom:, :prenom:, :genre:, :date_naissance:, :lieu_naissance:, :id_promotion:, :date_creation:, :date_modification:)', [...], false)
 5 SYSTEMPATH\Model.php(279): CodeIgniter\Database\BaseBuilder->insert()
 6 SYSTEMPATH\BaseModel.php(738): CodeIgniter\Model->doInsert([...])
 7 SYSTEMPATH\Model.php(667): CodeIgniter\BaseModel->insert([...], true)
 8 APPPATH\Controllers\Home.php(87): CodeIgniter\Model->insert([...])
 9 SYSTEMPATH\CodeIgniter.php(907): App\Controllers\Home->ajouter_etudiant()
10 SYSTEMPATH\CodeIgniter.php(457): CodeIgniter\CodeIgniter->runController(Object(App\Controllers\Home))
11 SYSTEMPATH\CodeIgniter.php(340): CodeIgniter\CodeIgniter->handleRequest(null, Object(Config\Cache), false)
12 FCPATH\index.php(67): CodeIgniter\CodeIgniter->run()
ERROR - 2023-02-11 06:41:13 --> mysqli_sql_exception: Unknown column 'promotion' in 'field list' in C:\xampp\htdocs\gestion_univ\system\Database\MySQLi\Connection.php:292
Stack trace:
#0 C:\xampp\htdocs\gestion_univ\system\Database\MySQLi\Connection.php(292): mysqli->query('INSERT INTO `et...', 0)
#1 C:\xampp\htdocs\gestion_univ\system\Database\BaseConnection.php(693): CodeIgniter\Database\MySQLi\Connection->execute('INSERT INTO `et...')
#2 C:\xampp\htdocs\gestion_univ\system\Database\BaseConnection.php(620): CodeIgniter\Database\BaseConnection->simpleQuery('INSERT INTO `et...')
#3 C:\xampp\htdocs\gestion_univ\system\Database\BaseBuilder.php(1916): CodeIgniter\Database\BaseConnection->query('INSERT INTO `et...', Array, false)
#4 C:\xampp\htdocs\gestion_univ\system\Model.php(279): CodeIgniter\Database\BaseBuilder->insert()
#5 C:\xampp\htdocs\gestion_univ\system\BaseModel.php(738): CodeIgniter\Model->doInsert(Array)
#6 C:\xampp\htdocs\gestion_univ\system\Model.php(667): CodeIgniter\BaseModel->insert(Array, true)
#7 C:\xampp\htdocs\gestion_univ\app\Controllers\Home.php(87): CodeIgniter\Model->insert(Array)
#8 C:\xampp\htdocs\gestion_univ\system\CodeIgniter.php(907): App\Controllers\Home->ajouter_etudiant()
#9 C:\xampp\htdocs\gestion_univ\system\CodeIgniter.php(457): CodeIgniter\CodeIgniter->runController(Object(App\Controllers\Home))
#10 C:\xampp\htdocs\gestion_univ\system\CodeIgniter.php(340): CodeIgniter\CodeIgniter->handleRequest(NULL, Object(Config\Cache), false)
#11 C:\xampp\htdocs\gestion_univ\public\index.php(67): CodeIgniter\CodeIgniter->run()
#12 {main}
CRITICAL - 2023-02-11 06:41:13 --> Unknown column 'promotion' in 'field list'
in SYSTEMPATH\Database\MySQLi\Connection.php on line 292.
 1 SYSTEMPATH\Database\MySQLi\Connection.php(292): mysqli->query('INSERT INTO `etudiant` (`nom`, `postnom`, `prenom`, `genre`, `date_naissance`, `lieu_naissance`, `promotion`, `date_creation`, `date_modification`) VALUES (\'Djimé\', \'Abdoulaye\', \'Fatimé\', \'F\', \'11-03-2009\', \'Abeché\', NULL, \'2023-02-11 06:41:13\', \'2023-02-11 06:41:13\')', 0)
 2 SYSTEMPATH\Database\BaseConnection.php(693): CodeIgniter\Database\MySQLi\Connection->execute('INSERT INTO `etudiant` (`nom`, `postnom`, `prenom`, `genre`, `date_naissance`, `lieu_naissance`, `promotion`, `date_creation`, `date_modification`) VALUES (\'Djimé\', \'Abdoulaye\', \'Fatimé\', \'F\', \'11-03-2009\', \'Abeché\', NULL, \'2023-02-11 06:41:13\', \'2023-02-11 06:41:13\')')
 3 SYSTEMPATH\Database\BaseConnection.php(620): CodeIgniter\Database\BaseConnection->simpleQuery('INSERT INTO `etudiant` (`nom`, `postnom`, `prenom`, `genre`, `date_naissance`, `lieu_naissance`, `promotion`, `date_creation`, `date_modification`) VALUES (\'Djimé\', \'Abdoulaye\', \'Fatimé\', \'F\', \'11-03-2009\', \'Abeché\', NULL, \'2023-02-11 06:41:13\', \'2023-02-11 06:41:13\')')
 4 SYSTEMPATH\Database\BaseBuilder.php(1916): CodeIgniter\Database\BaseConnection->query('INSERT INTO `etudiant` (`nom`, `postnom`, `prenom`, `genre`, `date_naissance`, `lieu_naissance`, `promotion`, `date_creation`, `date_modification`) VALUES (:nom:, :postnom:, :prenom:, :genre:, :date_naissance:, :lieu_naissance:, :promotion:, :date_creation:, :date_modification:)', [...], false)
 5 SYSTEMPATH\Model.php(279): CodeIgniter\Database\BaseBuilder->insert()
 6 SYSTEMPATH\BaseModel.php(738): CodeIgniter\Model->doInsert([...])
 7 SYSTEMPATH\Model.php(667): CodeIgniter\BaseModel->insert([...], true)
 8 APPPATH\Controllers\Home.php(87): CodeIgniter\Model->insert([...])
 9 SYSTEMPATH\CodeIgniter.php(907): App\Controllers\Home->ajouter_etudiant()
10 SYSTEMPATH\CodeIgniter.php(457): CodeIgniter\CodeIgniter->runController(Object(App\Controllers\Home))
11 SYSTEMPATH\CodeIgniter.php(340): CodeIgniter\CodeIgniter->handleRequest(null, Object(Config\Cache), false)
12 FCPATH\index.php(67): CodeIgniter\CodeIgniter->run()
ERROR - 2023-02-11 06:45:30 --> mysqli_sql_exception: Unknown column 'promotion' in 'field list' in C:\xampp\htdocs\gestion_univ\system\Database\MySQLi\Connection.php:292
Stack trace:
#0 C:\xampp\htdocs\gestion_univ\system\Database\MySQLi\Connection.php(292): mysqli->query('INSERT INTO `et...', 0)
#1 C:\xampp\htdocs\gestion_univ\system\Database\BaseConnection.php(693): CodeIgniter\Database\MySQLi\Connection->execute('INSERT INTO `et...')
#2 C:\xampp\htdocs\gestion_univ\system\Database\BaseConnection.php(620): CodeIgniter\Database\BaseConnection->simpleQuery('INSERT INTO `et...')
#3 C:\xampp\htdocs\gestion_univ\system\Database\BaseBuilder.php(1916): CodeIgniter\Database\BaseConnection->query('INSERT INTO `et...', Array, false)
#4 C:\xampp\htdocs\gestion_univ\system\Model.php(279): CodeIgniter\Database\BaseBuilder->insert()
#5 C:\xampp\htdocs\gestion_univ\system\BaseModel.php(738): CodeIgniter\Model->doInsert(Array)
#6 C:\xampp\htdocs\gestion_univ\system\Model.php(667): CodeIgniter\BaseModel->insert(Array, true)
#7 C:\xampp\htdocs\gestion_univ\app\Controllers\Home.php(87): CodeIgniter\Model->insert(Array)
#8 C:\xampp\htdocs\gestion_univ\system\CodeIgniter.php(907): App\Controllers\Home->ajouter_etudiant()
#9 C:\xampp\htdocs\gestion_univ\system\CodeIgniter.php(457): CodeIgniter\CodeIgniter->runController(Object(App\Controllers\Home))
#10 C:\xampp\htdocs\gestion_univ\system\CodeIgniter.php(340): CodeIgniter\CodeIgniter->handleRequest(NULL, Object(Config\Cache), false)
#11 C:\xampp\htdocs\gestion_univ\public\index.php(67): CodeIgniter\CodeIgniter->run()
#12 {main}
CRITICAL - 2023-02-11 06:45:30 --> Unknown column 'promotion' in 'field list'
in SYSTEMPATH\Database\MySQLi\Connection.php on line 292.
 1 SYSTEMPATH\Database\MySQLi\Connection.php(292): mysqli->query('INSERT INTO `etudiant` (`nom`, `postnom`, `prenom`, `genre`, `date_naissance`, `lieu_naissance`, `promotion`, `date_creation`, `date_modification`) VALUES (\'\', \'\', \'\', \'F\', \'\', \'\', NULL, \'2023-02-11 06:45:30\', \'2023-02-11 06:45:30\')', 0)
 2 SYSTEMPATH\Database\BaseConnection.php(693): CodeIgniter\Database\MySQLi\Connection->execute('INSERT INTO `etudiant` (`nom`, `postnom`, `prenom`, `genre`, `date_naissance`, `lieu_naissance`, `promotion`, `date_creation`, `date_modification`) VALUES (\'\', \'\', \'\', \'F\', \'\', \'\', NULL, \'2023-02-11 06:45:30\', \'2023-02-11 06:45:30\')')
 3 SYSTEMPATH\Database\BaseConnection.php(620): CodeIgniter\Database\BaseConnection->simpleQuery('INSERT INTO `etudiant` (`nom`, `postnom`, `prenom`, `genre`, `date_naissance`, `lieu_naissance`, `promotion`, `date_creation`, `date_modification`) VALUES (\'\', \'\', \'\', \'F\', \'\', \'\', NULL, \'2023-02-11 06:45:30\', \'2023-02-11 06:45:30\')')
 4 SYSTEMPATH\Database\BaseBuilder.php(1916): CodeIgniter\Database\BaseConnection->query('INSERT INTO `etudiant` (`nom`, `postnom`, `prenom`, `genre`, `date_naissance`, `lieu_naissance`, `promotion`, `date_creation`, `date_modification`) VALUES (:nom:, :postnom:, :prenom:, :genre:, :date_naissance:, :lieu_naissance:, :promotion:, :date_creation:, :date_modification:)', [...], false)
 5 SYSTEMPATH\Model.php(279): CodeIgniter\Database\BaseBuilder->insert()
 6 SYSTEMPATH\BaseModel.php(738): CodeIgniter\Model->doInsert([...])
 7 SYSTEMPATH\Model.php(667): CodeIgniter\BaseModel->insert([...], true)
 8 APPPATH\Controllers\Home.php(87): CodeIgniter\Model->insert([...])
 9 SYSTEMPATH\CodeIgniter.php(907): App\Controllers\Home->ajouter_etudiant()
10 SYSTEMPATH\CodeIgniter.php(457): CodeIgniter\CodeIgniter->runController(Object(App\Controllers\Home))
11 SYSTEMPATH\CodeIgniter.php(340): CodeIgniter\CodeIgniter->handleRequest(null, Object(Config\Cache), false)
12 FCPATH\index.php(67): CodeIgniter\CodeIgniter->run()
ERROR - 2023-02-11 06:46:24 --> mysqli_sql_exception: Column 'id_promotion' cannot be null in C:\xampp\htdocs\gestion_univ\system\Database\MySQLi\Connection.php:292
Stack trace:
#0 C:\xampp\htdocs\gestion_univ\system\Database\MySQLi\Connection.php(292): mysqli->query('INSERT INTO `et...', 0)
#1 C:\xampp\htdocs\gestion_univ\system\Database\BaseConnection.php(693): CodeIgniter\Database\MySQLi\Connection->execute('INSERT INTO `et...')
#2 C:\xampp\htdocs\gestion_univ\system\Database\BaseConnection.php(620): CodeIgniter\Database\BaseConnection->simpleQuery('INSERT INTO `et...')
#3 C:\xampp\htdocs\gestion_univ\system\Database\BaseBuilder.php(1916): CodeIgniter\Database\BaseConnection->query('INSERT INTO `et...', Array, false)
#4 C:\xampp\htdocs\gestion_univ\system\Model.php(279): CodeIgniter\Database\BaseBuilder->insert()
#5 C:\xampp\htdocs\gestion_univ\system\BaseModel.php(738): CodeIgniter\Model->doInsert(Array)
#6 C:\xampp\htdocs\gestion_univ\system\Model.php(667): CodeIgniter\BaseModel->insert(Array, true)
#7 C:\xampp\htdocs\gestion_univ\app\Controllers\Home.php(87): CodeIgniter\Model->insert(Array)
#8 C:\xampp\htdocs\gestion_univ\system\CodeIgniter.php(907): App\Controllers\Home->ajouter_etudiant()
#9 C:\xampp\htdocs\gestion_univ\system\CodeIgniter.php(457): CodeIgniter\CodeIgniter->runController(Object(App\Controllers\Home))
#10 C:\xampp\htdocs\gestion_univ\system\CodeIgniter.php(340): CodeIgniter\CodeIgniter->handleRequest(NULL, Object(Config\Cache), false)
#11 C:\xampp\htdocs\gestion_univ\public\index.php(67): CodeIgniter\CodeIgniter->run()
#12 {main}
CRITICAL - 2023-02-11 06:46:24 --> Column 'id_promotion' cannot be null
in SYSTEMPATH\Database\MySQLi\Connection.php on line 292.
 1 SYSTEMPATH\Database\MySQLi\Connection.php(292): mysqli->query('INSERT INTO `etudiant` (`nom`, `postnom`, `prenom`, `genre`, `date_naissance`, `lieu_naissance`, `id_promotion`, `date_creation`, `date_modification`) VALUES (\'\', \'\', \'\', \'F\', \'\', \'\', NULL, \'2023-02-11 06:46:24\', \'2023-02-11 06:46:24\')', 0)
 2 SYSTEMPATH\Database\BaseConnection.php(693): CodeIgniter\Database\MySQLi\Connection->execute('INSERT INTO `etudiant` (`nom`, `postnom`, `prenom`, `genre`, `date_naissance`, `lieu_naissance`, `id_promotion`, `date_creation`, `date_modification`) VALUES (\'\', \'\', \'\', \'F\', \'\', \'\', NULL, \'2023-02-11 06:46:24\', \'2023-02-11 06:46:24\')')
 3 SYSTEMPATH\Database\BaseConnection.php(620): CodeIgniter\Database\BaseConnection->simpleQuery('INSERT INTO `etudiant` (`nom`, `postnom`, `prenom`, `genre`, `date_naissance`, `lieu_naissance`, `id_promotion`, `date_creation`, `date_modification`) VALUES (\'\', \'\', \'\', \'F\', \'\', \'\', NULL, \'2023-02-11 06:46:24\', \'2023-02-11 06:46:24\')')
 4 SYSTEMPATH\Database\BaseBuilder.php(1916): CodeIgniter\Database\BaseConnection->query('INSERT INTO `etudiant` (`nom`, `postnom`, `prenom`, `genre`, `date_naissance`, `lieu_naissance`, `id_promotion`, `date_creation`, `date_modification`) VALUES (:nom:, :postnom:, :prenom:, :genre:, :date_naissance:, :lieu_naissance:, :id_promotion:, :date_creation:, :date_modification:)', [...], false)
 5 SYSTEMPATH\Model.php(279): CodeIgniter\Database\BaseBuilder->insert()
 6 SYSTEMPATH\BaseModel.php(738): CodeIgniter\Model->doInsert([...])
 7 SYSTEMPATH\Model.php(667): CodeIgniter\BaseModel->insert([...], true)
 8 APPPATH\Controllers\Home.php(87): CodeIgniter\Model->insert([...])
 9 SYSTEMPATH\CodeIgniter.php(907): App\Controllers\Home->ajouter_etudiant()
10 SYSTEMPATH\CodeIgniter.php(457): CodeIgniter\CodeIgniter->runController(Object(App\Controllers\Home))
11 SYSTEMPATH\CodeIgniter.php(340): CodeIgniter\CodeIgniter->handleRequest(null, Object(Config\Cache), false)
12 FCPATH\index.php(67): CodeIgniter\CodeIgniter->run()
ERROR - 2023-02-11 06:46:32 --> mysqli_sql_exception: Column 'id_promotion' cannot be null in C:\xampp\htdocs\gestion_univ\system\Database\MySQLi\Connection.php:292
Stack trace:
#0 C:\xampp\htdocs\gestion_univ\system\Database\MySQLi\Connection.php(292): mysqli->query('INSERT INTO `et...', 0)
#1 C:\xampp\htdocs\gestion_univ\system\Database\BaseConnection.php(693): CodeIgniter\Database\MySQLi\Connection->execute('INSERT INTO `et...')
#2 C:\xampp\htdocs\gestion_univ\system\Database\BaseConnection.php(620): CodeIgniter\Database\BaseConnection->simpleQuery('INSERT INTO `et...')
#3 C:\xampp\htdocs\gestion_univ\system\Database\BaseBuilder.php(1916): CodeIgniter\Database\BaseConnection->query('INSERT INTO `et...', Array, false)
#4 C:\xampp\htdocs\gestion_univ\system\Model.php(279): CodeIgniter\Database\BaseBuilder->insert()
#5 C:\xampp\htdocs\gestion_univ\system\BaseModel.php(738): CodeIgniter\Model->doInsert(Array)
#6 C:\xampp\htdocs\gestion_univ\system\Model.php(667): CodeIgniter\BaseModel->insert(Array, true)
#7 C:\xampp\htdocs\gestion_univ\app\Controllers\Home.php(87): CodeIgniter\Model->insert(Array)
#8 C:\xampp\htdocs\gestion_univ\system\CodeIgniter.php(907): App\Controllers\Home->ajouter_etudiant()
#9 C:\xampp\htdocs\gestion_univ\system\CodeIgniter.php(457): CodeIgniter\CodeIgniter->runController(Object(App\Controllers\Home))
#10 C:\xampp\htdocs\gestion_univ\system\CodeIgniter.php(340): CodeIgniter\CodeIgniter->handleRequest(NULL, Object(Config\Cache), false)
#11 C:\xampp\htdocs\gestion_univ\public\index.php(67): CodeIgniter\CodeIgniter->run()
#12 {main}
CRITICAL - 2023-02-11 06:46:32 --> Column 'id_promotion' cannot be null
in SYSTEMPATH\Database\MySQLi\Connection.php on line 292.
 1 SYSTEMPATH\Database\MySQLi\Connection.php(292): mysqli->query('INSERT INTO `etudiant` (`nom`, `postnom`, `prenom`, `genre`, `date_naissance`, `lieu_naissance`, `id_promotion`, `date_creation`, `date_modification`) VALUES (\'\', \'\', \'\', \'F\', \'\', \'\', NULL, \'2023-02-11 06:46:32\', \'2023-02-11 06:46:32\')', 0)
 2 SYSTEMPATH\Database\BaseConnection.php(693): CodeIgniter\Database\MySQLi\Connection->execute('INSERT INTO `etudiant` (`nom`, `postnom`, `prenom`, `genre`, `date_naissance`, `lieu_naissance`, `id_promotion`, `date_creation`, `date_modification`) VALUES (\'\', \'\', \'\', \'F\', \'\', \'\', NULL, \'2023-02-11 06:46:32\', \'2023-02-11 06:46:32\')')
 3 SYSTEMPATH\Database\BaseConnection.php(620): CodeIgniter\Database\BaseConnection->simpleQuery('INSERT INTO `etudiant` (`nom`, `postnom`, `prenom`, `genre`, `date_naissance`, `lieu_naissance`, `id_promotion`, `date_creation`, `date_modification`) VALUES (\'\', \'\', \'\', \'F\', \'\', \'\', NULL, \'2023-02-11 06:46:32\', \'2023-02-11 06:46:32\')')
 4 SYSTEMPATH\Database\BaseBuilder.php(1916): CodeIgniter\Database\BaseConnection->query('INSERT INTO `etudiant` (`nom`, `postnom`, `prenom`, `genre`, `date_naissance`, `lieu_naissance`, `id_promotion`, `date_creation`, `date_modification`) VALUES (:nom:, :postnom:, :prenom:, :genre:, :date_naissance:, :lieu_naissance:, :id_promotion:, :date_creation:, :date_modification:)', [...], false)
 5 SYSTEMPATH\Model.php(279): CodeIgniter\Database\BaseBuilder->insert()
 6 SYSTEMPATH\BaseModel.php(738): CodeIgniter\Model->doInsert([...])
 7 SYSTEMPATH\Model.php(667): CodeIgniter\BaseModel->insert([...], true)
 8 APPPATH\Controllers\Home.php(87): CodeIgniter\Model->insert([...])
 9 SYSTEMPATH\CodeIgniter.php(907): App\Controllers\Home->ajouter_etudiant()
10 SYSTEMPATH\CodeIgniter.php(457): CodeIgniter\CodeIgniter->runController(Object(App\Controllers\Home))
11 SYSTEMPATH\CodeIgniter.php(340): CodeIgniter\CodeIgniter->handleRequest(null, Object(Config\Cache), false)
12 FCPATH\index.php(67): CodeIgniter\CodeIgniter->run()
ERROR - 2023-02-11 06:49:37 --> mysqli_sql_exception: Column 'id_promotion' cannot be null in C:\xampp\htdocs\gestion_univ\system\Database\MySQLi\Connection.php:292
Stack trace:
#0 C:\xampp\htdocs\gestion_univ\system\Database\MySQLi\Connection.php(292): mysqli->query('INSERT INTO `et...', 0)
#1 C:\xampp\htdocs\gestion_univ\system\Database\BaseConnection.php(693): CodeIgniter\Database\MySQLi\Connection->execute('INSERT INTO `et...')
#2 C:\xampp\htdocs\gestion_univ\system\Database\BaseConnection.php(620): CodeIgniter\Database\BaseConnection->simpleQuery('INSERT INTO `et...')
#3 C:\xampp\htdocs\gestion_univ\system\Database\BaseBuilder.php(1916): CodeIgniter\Database\BaseConnection->query('INSERT INTO `et...', Array, false)
#4 C:\xampp\htdocs\gestion_univ\system\Model.php(279): CodeIgniter\Database\BaseBuilder->insert()
#5 C:\xampp\htdocs\gestion_univ\system\BaseModel.php(738): CodeIgniter\Model->doInsert(Array)
#6 C:\xampp\htdocs\gestion_univ\system\Model.php(667): CodeIgniter\BaseModel->insert(Array, true)
#7 C:\xampp\htdocs\gestion_univ\app\Controllers\Home.php(87): CodeIgniter\Model->insert(Array)
#8 C:\xampp\htdocs\gestion_univ\system\CodeIgniter.php(907): App\Controllers\Home->ajouter_etudiant()
#9 C:\xampp\htdocs\gestion_univ\system\CodeIgniter.php(457): CodeIgniter\CodeIgniter->runController(Object(App\Controllers\Home))
#10 C:\xampp\htdocs\gestion_univ\system\CodeIgniter.php(340): CodeIgniter\CodeIgniter->handleRequest(NULL, Object(Config\Cache), false)
#11 C:\xampp\htdocs\gestion_univ\public\index.php(67): CodeIgniter\CodeIgniter->run()
#12 {main}
CRITICAL - 2023-02-11 06:49:37 --> Column 'id_promotion' cannot be null
in SYSTEMPATH\Database\MySQLi\Connection.php on line 292.
 1 SYSTEMPATH\Database\MySQLi\Connection.php(292): mysqli->query('INSERT INTO `etudiant` (`nom`, `postnom`, `prenom`, `genre`, `date_naissance`, `lieu_naissance`, `id_promotion`, `date_creation`, `date_modification`) VALUES (\'\', \'\', \'\', \'F\', \'\', \'\', NULL, \'2023-02-11 06:49:37\', \'2023-02-11 06:49:37\')', 0)
 2 SYSTEMPATH\Database\BaseConnection.php(693): CodeIgniter\Database\MySQLi\Connection->execute('INSERT INTO `etudiant` (`nom`, `postnom`, `prenom`, `genre`, `date_naissance`, `lieu_naissance`, `id_promotion`, `date_creation`, `date_modification`) VALUES (\'\', \'\', \'\', \'F\', \'\', \'\', NULL, \'2023-02-11 06:49:37\', \'2023-02-11 06:49:37\')')
 3 SYSTEMPATH\Database\BaseConnection.php(620): CodeIgniter\Database\BaseConnection->simpleQuery('INSERT INTO `etudiant` (`nom`, `postnom`, `prenom`, `genre`, `date_naissance`, `lieu_naissance`, `id_promotion`, `date_creation`, `date_modification`) VALUES (\'\', \'\', \'\', \'F\', \'\', \'\', NULL, \'2023-02-11 06:49:37\', \'2023-02-11 06:49:37\')')
 4 SYSTEMPATH\Database\BaseBuilder.php(1916): CodeIgniter\Database\BaseConnection->query('INSERT INTO `etudiant` (`nom`, `postnom`, `prenom`, `genre`, `date_naissance`, `lieu_naissance`, `id_promotion`, `date_creation`, `date_modification`) VALUES (:nom:, :postnom:, :prenom:, :genre:, :date_naissance:, :lieu_naissance:, :id_promotion:, :date_creation:, :date_modification:)', [...], false)
 5 SYSTEMPATH\Model.php(279): CodeIgniter\Database\BaseBuilder->insert()
 6 SYSTEMPATH\BaseModel.php(738): CodeIgniter\Model->doInsert([...])
 7 SYSTEMPATH\Model.php(667): CodeIgniter\BaseModel->insert([...], true)
 8 APPPATH\Controllers\Home.php(87): CodeIgniter\Model->insert([...])
 9 SYSTEMPATH\CodeIgniter.php(907): App\Controllers\Home->ajouter_etudiant()
10 SYSTEMPATH\CodeIgniter.php(457): CodeIgniter\CodeIgniter->runController(Object(App\Controllers\Home))
11 SYSTEMPATH\CodeIgniter.php(340): CodeIgniter\CodeIgniter->handleRequest(null, Object(Config\Cache), false)
12 FCPATH\index.php(67): CodeIgniter\CodeIgniter->run()
