ERROR - 2023-02-04 05:44:39 --> mysqli_sql_exception: Column 'intitule' cannot be null in C:\xampp\htdocs\gestion_univ\system\Database\MySQLi\Connection.php:292
Stack trace:
#0 C:\xampp\htdocs\gestion_univ\system\Database\MySQLi\Connection.php(292): mysqli->query('INSERT INTO `pr...', 0)
#1 C:\xampp\htdocs\gestion_univ\system\Database\BaseConnection.php(693): CodeIgniter\Database\MySQLi\Connection->execute('INSERT INTO `pr...')
#2 C:\xampp\htdocs\gestion_univ\system\Database\BaseConnection.php(620): CodeIgniter\Database\BaseConnection->simpleQuery('INSERT INTO `pr...')
#3 C:\xampp\htdocs\gestion_univ\system\Database\BaseBuilder.php(1916): CodeIgniter\Database\BaseConnection->query('INSERT INTO `pr...', Array, false)
#4 C:\xampp\htdocs\gestion_univ\system\Model.php(279): CodeIgniter\Database\BaseBuilder->insert()
#5 C:\xampp\htdocs\gestion_univ\system\BaseModel.php(738): CodeIgniter\Model->doInsert(Array)
#6 C:\xampp\htdocs\gestion_univ\system\Model.php(667): CodeIgniter\BaseModel->insert(Array, true)
#7 C:\xampp\htdocs\gestion_univ\app\Controllers\Home.php(64): CodeIgniter\Model->insert(Array)
#8 C:\xampp\htdocs\gestion_univ\system\CodeIgniter.php(907): App\Controllers\Home->ajout_promotion()
#9 C:\xampp\htdocs\gestion_univ\system\CodeIgniter.php(457): CodeIgniter\CodeIgniter->runController(Object(App\Controllers\Home))
#10 C:\xampp\htdocs\gestion_univ\system\CodeIgniter.php(340): CodeIgniter\CodeIgniter->handleRequest(NULL, Object(Config\Cache), false)
#11 C:\xampp\htdocs\gestion_univ\public\index.php(67): CodeIgniter\CodeIgniter->run()
#12 {main}
CRITICAL - 2023-02-04 05:44:39 --> Column 'intitule' cannot be null
in SYSTEMPATH\Database\MySQLi\Connection.php on line 292.
 1 SYSTEMPATH\Database\MySQLi\Connection.php(292): mysqli->query('INSERT INTO `promotion` (`intitule`) VALUES (NULL)', 0)
 2 SYSTEMPATH\Database\BaseConnection.php(693): CodeIgniter\Database\MySQLi\Connection->execute('INSERT INTO `promotion` (`intitule`) VALUES (NULL)')
 3 SYSTEMPATH\Database\BaseConnection.php(620): CodeIgniter\Database\BaseConnection->simpleQuery('INSERT INTO `promotion` (`intitule`) VALUES (NULL)')
 4 SYSTEMPATH\Database\BaseBuilder.php(1916): CodeIgniter\Database\BaseConnection->query('INSERT INTO `promotion` (`intitule`) VALUES (:intitule:)', [...], false)
 5 SYSTEMPATH\Model.php(279): CodeIgniter\Database\BaseBuilder->insert()
 6 SYSTEMPATH\BaseModel.php(738): CodeIgniter\Model->doInsert([...])
 7 SYSTEMPATH\Model.php(667): CodeIgniter\BaseModel->insert([...], true)
 8 APPPATH\Controllers\Home.php(64): CodeIgniter\Model->insert([...])
 9 SYSTEMPATH\CodeIgniter.php(907): App\Controllers\Home->ajout_promotion()
10 SYSTEMPATH\CodeIgniter.php(457): CodeIgniter\CodeIgniter->runController(Object(App\Controllers\Home))
11 SYSTEMPATH\CodeIgniter.php(340): CodeIgniter\CodeIgniter->handleRequest(null, Object(Config\Cache), false)
12 FCPATH\index.php(67): CodeIgniter\CodeIgniter->run()
ERROR - 2023-02-04 05:45:19 --> mysqli_sql_exception: Column 'intitule' cannot be null in C:\xampp\htdocs\gestion_univ\system\Database\MySQLi\Connection.php:292
Stack trace:
#0 C:\xampp\htdocs\gestion_univ\system\Database\MySQLi\Connection.php(292): mysqli->query('INSERT INTO `pr...', 0)
#1 C:\xampp\htdocs\gestion_univ\system\Database\BaseConnection.php(693): CodeIgniter\Database\MySQLi\Connection->execute('INSERT INTO `pr...')
#2 C:\xampp\htdocs\gestion_univ\system\Database\BaseConnection.php(620): CodeIgniter\Database\BaseConnection->simpleQuery('INSERT INTO `pr...')
#3 C:\xampp\htdocs\gestion_univ\system\Database\BaseBuilder.php(1916): CodeIgniter\Database\BaseConnection->query('INSERT INTO `pr...', Array, false)
#4 C:\xampp\htdocs\gestion_univ\system\Model.php(279): CodeIgniter\Database\BaseBuilder->insert()
#5 C:\xampp\htdocs\gestion_univ\system\BaseModel.php(738): CodeIgniter\Model->doInsert(Array)
#6 C:\xampp\htdocs\gestion_univ\system\Model.php(667): CodeIgniter\BaseModel->insert(Array, true)
#7 C:\xampp\htdocs\gestion_univ\app\Controllers\Home.php(64): CodeIgniter\Model->insert(Array)
#8 C:\xampp\htdocs\gestion_univ\system\CodeIgniter.php(907): App\Controllers\Home->ajout_promotion()
#9 C:\xampp\htdocs\gestion_univ\system\CodeIgniter.php(457): CodeIgniter\CodeIgniter->runController(Object(App\Controllers\Home))
#10 C:\xampp\htdocs\gestion_univ\system\CodeIgniter.php(340): CodeIgniter\CodeIgniter->handleRequest(NULL, Object(Config\Cache), false)
#11 C:\xampp\htdocs\gestion_univ\public\index.php(67): CodeIgniter\CodeIgniter->run()
#12 {main}
CRITICAL - 2023-02-04 05:45:19 --> Column 'intitule' cannot be null
in SYSTEMPATH\Database\MySQLi\Connection.php on line 292.
 1 SYSTEMPATH\Database\MySQLi\Connection.php(292): mysqli->query('INSERT INTO `promotion` (`intitule`) VALUES (NULL)', 0)
 2 SYSTEMPATH\Database\BaseConnection.php(693): CodeIgniter\Database\MySQLi\Connection->execute('INSERT INTO `promotion` (`intitule`) VALUES (NULL)')
 3 SYSTEMPATH\Database\BaseConnection.php(620): CodeIgniter\Database\BaseConnection->simpleQuery('INSERT INTO `promotion` (`intitule`) VALUES (NULL)')
 4 SYSTEMPATH\Database\BaseBuilder.php(1916): CodeIgniter\Database\BaseConnection->query('INSERT INTO `promotion` (`intitule`) VALUES (:intitule:)', [...], false)
 5 SYSTEMPATH\Model.php(279): CodeIgniter\Database\BaseBuilder->insert()
 6 SYSTEMPATH\BaseModel.php(738): CodeIgniter\Model->doInsert([...])
 7 SYSTEMPATH\Model.php(667): CodeIgniter\BaseModel->insert([...], true)
 8 APPPATH\Controllers\Home.php(64): CodeIgniter\Model->insert([...])
 9 SYSTEMPATH\CodeIgniter.php(907): App\Controllers\Home->ajout_promotion()
10 SYSTEMPATH\CodeIgniter.php(457): CodeIgniter\CodeIgniter->runController(Object(App\Controllers\Home))
11 SYSTEMPATH\CodeIgniter.php(340): CodeIgniter\CodeIgniter->handleRequest(null, Object(Config\Cache), false)
12 FCPATH\index.php(67): CodeIgniter\CodeIgniter->run()
CRITICAL - 2023-02-04 08:33:31 --> Invalid file: promotion.php
in SYSTEMPATH\Exceptions\FrameworkException.php on line 33.
 1 SYSTEMPATH\View\View.php(201): CodeIgniter\Exceptions\FrameworkException::forInvalidFile('promotion.php')
 2 SYSTEMPATH\Common.php(1142): CodeIgniter\View\View->render('promotion', [], true)
 3 APPPATH\Controllers\Home.php(79): view('promotion', [...])
 4 SYSTEMPATH\CodeIgniter.php(907): App\Controllers\Home->modifier_promotion('4')
 5 SYSTEMPATH\CodeIgniter.php(457): CodeIgniter\CodeIgniter->runController(Object(App\Controllers\Home))
 6 SYSTEMPATH\CodeIgniter.php(340): CodeIgniter\CodeIgniter->handleRequest(null, Object(Config\Cache), false)
 7 FCPATH\index.php(67): CodeIgniter\CodeIgniter->run()
CRITICAL - 2023-02-04 08:33:49 --> Invalid file: promotion.php
in SYSTEMPATH\Exceptions\FrameworkException.php on line 33.
 1 SYSTEMPATH\View\View.php(201): CodeIgniter\Exceptions\FrameworkException::forInvalidFile('promotion.php')
 2 SYSTEMPATH\Common.php(1142): CodeIgniter\View\View->render('promotion', [], true)
 3 APPPATH\Controllers\Home.php(79): view('promotion', [...])
 4 SYSTEMPATH\CodeIgniter.php(907): App\Controllers\Home->modifier_promotion('4')
 5 SYSTEMPATH\CodeIgniter.php(457): CodeIgniter\CodeIgniter->runController(Object(App\Controllers\Home))
 6 SYSTEMPATH\CodeIgniter.php(340): CodeIgniter\CodeIgniter->handleRequest(null, Object(Config\Cache), false)
 7 FCPATH\index.php(67): CodeIgniter\CodeIgniter->run()
CRITICAL - 2023-02-04 08:33:59 --> Invalid file: promotion.php
in SYSTEMPATH\Exceptions\FrameworkException.php on line 33.
 1 SYSTEMPATH\View\View.php(201): CodeIgniter\Exceptions\FrameworkException::forInvalidFile('promotion.php')
 2 SYSTEMPATH\Common.php(1142): CodeIgniter\View\View->render('promotion', [], true)
 3 APPPATH\Controllers\Home.php(79): view('promotion', [...])
 4 SYSTEMPATH\CodeIgniter.php(907): App\Controllers\Home->modifier_promotion('4')
 5 SYSTEMPATH\CodeIgniter.php(457): CodeIgniter\CodeIgniter->runController(Object(App\Controllers\Home))
 6 SYSTEMPATH\CodeIgniter.php(340): CodeIgniter\CodeIgniter->handleRequest(null, Object(Config\Cache), false)
 7 FCPATH\index.php(67): CodeIgniter\CodeIgniter->run()
CRITICAL - 2023-02-04 08:36:38 --> Invalid file: promotion.php
in SYSTEMPATH\Exceptions\FrameworkException.php on line 33.
 1 SYSTEMPATH\View\View.php(201): CodeIgniter\Exceptions\FrameworkException::forInvalidFile('promotion.php')
 2 SYSTEMPATH\Common.php(1142): CodeIgniter\View\View->render('promotion', [], true)
 3 APPPATH\Controllers\Home.php(79): view('promotion', [...])
 4 SYSTEMPATH\CodeIgniter.php(907): App\Controllers\Home->modifier_promotion('4')
 5 SYSTEMPATH\CodeIgniter.php(457): CodeIgniter\CodeIgniter->runController(Object(App\Controllers\Home))
 6 SYSTEMPATH\CodeIgniter.php(340): CodeIgniter\CodeIgniter->handleRequest(null, Object(Config\Cache), false)
 7 FCPATH\index.php(67): CodeIgniter\CodeIgniter->run()
CRITICAL - 2023-02-04 08:53:25 --> Invalid file: /public/Home/promotion.php
in SYSTEMPATH\Exceptions\FrameworkException.php on line 33.
 1 SYSTEMPATH\View\View.php(201): CodeIgniter\Exceptions\FrameworkException::forInvalidFile('/public/Home/promotion.php')
 2 SYSTEMPATH\Common.php(1142): CodeIgniter\View\View->render('/public/Home/promotion', [], true)
 3 APPPATH\Controllers\Home.php(79): view('/public/Home/promotion', [...])
 4 SYSTEMPATH\CodeIgniter.php(907): App\Controllers\Home->modifier_promotion('15')
 5 SYSTEMPATH\CodeIgniter.php(457): CodeIgniter\CodeIgniter->runController(Object(App\Controllers\Home))
 6 SYSTEMPATH\CodeIgniter.php(340): CodeIgniter\CodeIgniter->handleRequest(null, Object(Config\Cache), false)
 7 FCPATH\index.php(67): CodeIgniter\CodeIgniter->run()
CRITICAL - 2023-02-04 13:12:27 --> Invalid file: /public/Home/promotion.php
in SYSTEMPATH\Exceptions\FrameworkException.php on line 33.
 1 SYSTEMPATH\View\View.php(201): CodeIgniter\Exceptions\FrameworkException::forInvalidFile('/public/Home/promotion.php')
 2 SYSTEMPATH\Common.php(1142): CodeIgniter\View\View->render('/public/Home/promotion', [], true)
 3 APPPATH\Controllers\Home.php(79): view('/public/Home/promotion', [...])
 4 SYSTEMPATH\CodeIgniter.php(907): App\Controllers\Home->modifier_promotion('5')
 5 SYSTEMPATH\CodeIgniter.php(457): CodeIgniter\CodeIgniter->runController(Object(App\Controllers\Home))
 6 SYSTEMPATH\CodeIgniter.php(340): CodeIgniter\CodeIgniter->handleRequest(null, Object(Config\Cache), false)
 7 FCPATH\index.php(67): CodeIgniter\CodeIgniter->run()
CRITICAL - 2023-02-04 17:10:39 --> Invalid file: /public/Home/promotion.php
in SYSTEMPATH\Exceptions\FrameworkException.php on line 33.
 1 SYSTEMPATH\View\View.php(201): CodeIgniter\Exceptions\FrameworkException::forInvalidFile('/public/Home/promotion.php')
 2 SYSTEMPATH\Common.php(1142): CodeIgniter\View\View->render('/public/Home/promotion', [], true)
 3 APPPATH\Controllers\Home.php(79): view('/public/Home/promotion', [...])
 4 SYSTEMPATH\CodeIgniter.php(907): App\Controllers\Home->modifier_promotion('5')
 5 SYSTEMPATH\CodeIgniter.php(457): CodeIgniter\CodeIgniter->runController(Object(App\Controllers\Home))
 6 SYSTEMPATH\CodeIgniter.php(340): CodeIgniter\CodeIgniter->handleRequest(null, Object(Config\Cache), false)
 7 FCPATH\index.php(67): CodeIgniter\CodeIgniter->run()
ERROR - 2023-02-04 17:58:07 --> mysqli_sql_exception: Column 'intitule' cannot be null in C:\xampp\htdocs\gestion_univ\system\Database\MySQLi\Connection.php:292
Stack trace:
#0 C:\xampp\htdocs\gestion_univ\system\Database\MySQLi\Connection.php(292): mysqli->query('INSERT INTO `pr...', 0)
#1 C:\xampp\htdocs\gestion_univ\system\Database\BaseConnection.php(693): CodeIgniter\Database\MySQLi\Connection->execute('INSERT INTO `pr...')
#2 C:\xampp\htdocs\gestion_univ\system\Database\BaseConnection.php(620): CodeIgniter\Database\BaseConnection->simpleQuery('INSERT INTO `pr...')
#3 C:\xampp\htdocs\gestion_univ\system\Database\BaseBuilder.php(1916): CodeIgniter\Database\BaseConnection->query('INSERT INTO `pr...', Array, false)
#4 C:\xampp\htdocs\gestion_univ\system\Model.php(279): CodeIgniter\Database\BaseBuilder->insert()
#5 C:\xampp\htdocs\gestion_univ\system\BaseModel.php(738): CodeIgniter\Model->doInsert(Array)
#6 C:\xampp\htdocs\gestion_univ\system\Model.php(667): CodeIgniter\BaseModel->insert(Array, true)
#7 C:\xampp\htdocs\gestion_univ\app\Controllers\Home.php(63): CodeIgniter\Model->insert(Array)
#8 C:\xampp\htdocs\gestion_univ\system\CodeIgniter.php(907): App\Controllers\Home->ajout_promotion()
#9 C:\xampp\htdocs\gestion_univ\system\CodeIgniter.php(457): CodeIgniter\CodeIgniter->runController(Object(App\Controllers\Home))
#10 C:\xampp\htdocs\gestion_univ\system\CodeIgniter.php(340): CodeIgniter\CodeIgniter->handleRequest(NULL, Object(Config\Cache), false)
#11 C:\xampp\htdocs\gestion_univ\public\index.php(67): CodeIgniter\CodeIgniter->run()
#12 {main}
CRITICAL - 2023-02-04 17:58:07 --> Column 'intitule' cannot be null
in SYSTEMPATH\Database\MySQLi\Connection.php on line 292.
 1 SYSTEMPATH\Database\MySQLi\Connection.php(292): mysqli->query('INSERT INTO `promotion` (`intitule`) VALUES (NULL)', 0)
 2 SYSTEMPATH\Database\BaseConnection.php(693): CodeIgniter\Database\MySQLi\Connection->execute('INSERT INTO `promotion` (`intitule`) VALUES (NULL)')
 3 SYSTEMPATH\Database\BaseConnection.php(620): CodeIgniter\Database\BaseConnection->simpleQuery('INSERT INTO `promotion` (`intitule`) VALUES (NULL)')
 4 SYSTEMPATH\Database\BaseBuilder.php(1916): CodeIgniter\Database\BaseConnection->query('INSERT INTO `promotion` (`intitule`) VALUES (:intitule:)', [...], false)
 5 SYSTEMPATH\Model.php(279): CodeIgniter\Database\BaseBuilder->insert()
 6 SYSTEMPATH\BaseModel.php(738): CodeIgniter\Model->doInsert([...])
 7 SYSTEMPATH\Model.php(667): CodeIgniter\BaseModel->insert([...], true)
 8 APPPATH\Controllers\Home.php(63): CodeIgniter\Model->insert([...])
 9 SYSTEMPATH\CodeIgniter.php(907): App\Controllers\Home->ajout_promotion()
10 SYSTEMPATH\CodeIgniter.php(457): CodeIgniter\CodeIgniter->runController(Object(App\Controllers\Home))
11 SYSTEMPATH\CodeIgniter.php(340): CodeIgniter\CodeIgniter->handleRequest(null, Object(Config\Cache), false)
12 FCPATH\index.php(67): CodeIgniter\CodeIgniter->run()
CRITICAL - 2023-02-04 17:59:41 --> Invalid file: /public/Home/promotion.php
in SYSTEMPATH\Exceptions\FrameworkException.php on line 33.
 1 SYSTEMPATH\View\View.php(201): CodeIgniter\Exceptions\FrameworkException::forInvalidFile('/public/Home/promotion.php')
 2 SYSTEMPATH\Common.php(1142): CodeIgniter\View\View->render('/public/Home/promotion', [], true)
 3 APPPATH\Controllers\Home.php(78): view('/public/Home/promotion', [...])
 4 SYSTEMPATH\CodeIgniter.php(907): App\Controllers\Home->modifier_promotion('21')
 5 SYSTEMPATH\CodeIgniter.php(457): CodeIgniter\CodeIgniter->runController(Object(App\Controllers\Home))
 6 SYSTEMPATH\CodeIgniter.php(340): CodeIgniter\CodeIgniter->handleRequest(null, Object(Config\Cache), false)
 7 FCPATH\index.php(67): CodeIgniter\CodeIgniter->run()
CRITICAL - 2023-02-04 18:02:35 --> Invalid file: /public/Home/promotion.php
in SYSTEMPATH\Exceptions\FrameworkException.php on line 33.
 1 SYSTEMPATH\View\View.php(201): CodeIgniter\Exceptions\FrameworkException::forInvalidFile('/public/Home/promotion.php')
 2 SYSTEMPATH\Common.php(1142): CodeIgniter\View\View->render('/public/Home/promotion', [], true)
 3 APPPATH\Controllers\Home.php(78): view('/public/Home/promotion', [...])
 4 SYSTEMPATH\CodeIgniter.php(907): App\Controllers\Home->modifier_promotion('21')
 5 SYSTEMPATH\CodeIgniter.php(457): CodeIgniter\CodeIgniter->runController(Object(App\Controllers\Home))
 6 SYSTEMPATH\CodeIgniter.php(340): CodeIgniter\CodeIgniter->handleRequest(null, Object(Config\Cache), false)
 7 FCPATH\index.php(67): CodeIgniter\CodeIgniter->run()
CRITICAL - 2023-02-04 18:02:55 --> Invalid file: /public/Home/promotion.php
in SYSTEMPATH\Exceptions\FrameworkException.php on line 33.
 1 SYSTEMPATH\View\View.php(201): CodeIgniter\Exceptions\FrameworkException::forInvalidFile('/public/Home/promotion.php')
 2 SYSTEMPATH\Common.php(1142): CodeIgniter\View\View->render('/public/Home/promotion', [], true)
 3 APPPATH\Controllers\Home.php(78): view('/public/Home/promotion', [...])
 4 SYSTEMPATH\CodeIgniter.php(907): App\Controllers\Home->modifier_promotion('21')
 5 SYSTEMPATH\CodeIgniter.php(457): CodeIgniter\CodeIgniter->runController(Object(App\Controllers\Home))
 6 SYSTEMPATH\CodeIgniter.php(340): CodeIgniter\CodeIgniter->handleRequest(null, Object(Config\Cache), false)
 7 FCPATH\index.php(67): CodeIgniter\CodeIgniter->run()
CRITICAL - 2023-02-04 18:04:55 --> Invalid file: /public/Home/promotion.php
in SYSTEMPATH\Exceptions\FrameworkException.php on line 33.
 1 SYSTEMPATH\View\View.php(201): CodeIgniter\Exceptions\FrameworkException::forInvalidFile('/public/Home/promotion.php')
 2 SYSTEMPATH\Common.php(1142): CodeIgniter\View\View->render('/public/Home/promotion', [], true)
 3 APPPATH\Controllers\Home.php(78): view('/public/Home/promotion', [...])
 4 SYSTEMPATH\CodeIgniter.php(907): App\Controllers\Home->modifier_promotion('20')
 5 SYSTEMPATH\CodeIgniter.php(457): CodeIgniter\CodeIgniter->runController(Object(App\Controllers\Home))
 6 SYSTEMPATH\CodeIgniter.php(340): CodeIgniter\CodeIgniter->handleRequest(null, Object(Config\Cache), false)
 7 FCPATH\index.php(67): CodeIgniter\CodeIgniter->run()
CRITICAL - 2023-02-04 22:19:30 --> Invalid file: /public/Home/promotion.php
in SYSTEMPATH\Exceptions\FrameworkException.php on line 33.
 1 SYSTEMPATH\View\View.php(201): CodeIgniter\Exceptions\FrameworkException::forInvalidFile('/public/Home/promotion.php')
 2 SYSTEMPATH\Common.php(1142): CodeIgniter\View\View->render('/public/Home/promotion', [], true)
 3 APPPATH\Controllers\Home.php(78): view('/public/Home/promotion', [...])
 4 SYSTEMPATH\CodeIgniter.php(907): App\Controllers\Home->modifier_promotion('21')
 5 SYSTEMPATH\CodeIgniter.php(457): CodeIgniter\CodeIgniter->runController(Object(App\Controllers\Home))
 6 SYSTEMPATH\CodeIgniter.php(340): CodeIgniter\CodeIgniter->handleRequest(null, Object(Config\Cache), false)
 7 FCPATH\index.php(67): CodeIgniter\CodeIgniter->run()
CRITICAL - 2023-02-04 22:20:44 --> Invalid file: /public/Home/promotion.php
in SYSTEMPATH\Exceptions\FrameworkException.php on line 33.
 1 SYSTEMPATH\View\View.php(201): CodeIgniter\Exceptions\FrameworkException::forInvalidFile('/public/Home/promotion.php')
 2 SYSTEMPATH\Common.php(1142): CodeIgniter\View\View->render('/public/Home/promotion', [], true)
 3 APPPATH\Controllers\Home.php(78): view('/public/Home/promotion', [...])
 4 SYSTEMPATH\CodeIgniter.php(907): App\Controllers\Home->modifier_promotion('21')
 5 SYSTEMPATH\CodeIgniter.php(457): CodeIgniter\CodeIgniter->runController(Object(App\Controllers\Home))
 6 SYSTEMPATH\CodeIgniter.php(340): CodeIgniter\CodeIgniter->handleRequest(null, Object(Config\Cache), false)
 7 FCPATH\index.php(67): CodeIgniter\CodeIgniter->run()
CRITICAL - 2023-02-04 22:20:59 --> Invalid file: /public/Home/promotion.php
in SYSTEMPATH\Exceptions\FrameworkException.php on line 33.
 1 SYSTEMPATH\View\View.php(201): CodeIgniter\Exceptions\FrameworkException::forInvalidFile('/public/Home/promotion.php')
 2 SYSTEMPATH\Common.php(1142): CodeIgniter\View\View->render('/public/Home/promotion', [], true)
 3 APPPATH\Controllers\Home.php(78): view('/public/Home/promotion', [...])
 4 SYSTEMPATH\CodeIgniter.php(907): App\Controllers\Home->modifier_promotion('22')
 5 SYSTEMPATH\CodeIgniter.php(457): CodeIgniter\CodeIgniter->runController(Object(App\Controllers\Home))
 6 SYSTEMPATH\CodeIgniter.php(340): CodeIgniter\CodeIgniter->handleRequest(null, Object(Config\Cache), false)
 7 FCPATH\index.php(67): CodeIgniter\CodeIgniter->run()
CRITICAL - 2023-02-04 22:32:52 --> Invalid file: /public/Home/promotion.php
in SYSTEMPATH\Exceptions\FrameworkException.php on line 33.
 1 SYSTEMPATH\View\View.php(201): CodeIgniter\Exceptions\FrameworkException::forInvalidFile('/public/Home/promotion.php')
 2 SYSTEMPATH\Common.php(1142): CodeIgniter\View\View->render('/public/Home/promotion', [], true)
 3 APPPATH\Controllers\Home.php(78): view('/public/Home/promotion', [...])
 4 SYSTEMPATH\CodeIgniter.php(907): App\Controllers\Home->modifier_promotion('11')
 5 SYSTEMPATH\CodeIgniter.php(457): CodeIgniter\CodeIgniter->runController(Object(App\Controllers\Home))
 6 SYSTEMPATH\CodeIgniter.php(340): CodeIgniter\CodeIgniter->handleRequest(null, Object(Config\Cache), false)
 7 FCPATH\index.php(67): CodeIgniter\CodeIgniter->run()
CRITICAL - 2023-02-04 22:33:52 --> Invalid file: /public/Home/promotion.php
in SYSTEMPATH\Exceptions\FrameworkException.php on line 33.
 1 SYSTEMPATH\View\View.php(201): CodeIgniter\Exceptions\FrameworkException::forInvalidFile('/public/Home/promotion.php')
 2 SYSTEMPATH\Common.php(1142): CodeIgniter\View\View->render('/public/Home/promotion', [], true)
 3 APPPATH\Controllers\Home.php(78): view('/public/Home/promotion', [...])
 4 SYSTEMPATH\CodeIgniter.php(907): App\Controllers\Home->modifier_promotion('11')
 5 SYSTEMPATH\CodeIgniter.php(457): CodeIgniter\CodeIgniter->runController(Object(App\Controllers\Home))
 6 SYSTEMPATH\CodeIgniter.php(340): CodeIgniter\CodeIgniter->handleRequest(null, Object(Config\Cache), false)
 7 FCPATH\index.php(67): CodeIgniter\CodeIgniter->run()
CRITICAL - 2023-02-04 22:34:33 --> Invalid file: /public/Home/promotion.php
in SYSTEMPATH\Exceptions\FrameworkException.php on line 33.
 1 SYSTEMPATH\View\View.php(201): CodeIgniter\Exceptions\FrameworkException::forInvalidFile('/public/Home/promotion.php')
 2 SYSTEMPATH\Common.php(1142): CodeIgniter\View\View->render('/public/Home/promotion', [], true)
 3 APPPATH\Controllers\Home.php(78): view('/public/Home/promotion', [...])
 4 SYSTEMPATH\CodeIgniter.php(907): App\Controllers\Home->modifier_promotion('4')
 5 SYSTEMPATH\CodeIgniter.php(457): CodeIgniter\CodeIgniter->runController(Object(App\Controllers\Home))
 6 SYSTEMPATH\CodeIgniter.php(340): CodeIgniter\CodeIgniter->handleRequest(null, Object(Config\Cache), false)
 7 FCPATH\index.php(67): CodeIgniter\CodeIgniter->run()
CRITICAL - 2023-02-04 22:39:39 --> Invalid file: /public/Home/promotion.php
in SYSTEMPATH\Exceptions\FrameworkException.php on line 33.
 1 SYSTEMPATH\View\View.php(201): CodeIgniter\Exceptions\FrameworkException::forInvalidFile('/public/Home/promotion.php')
 2 SYSTEMPATH\Common.php(1142): CodeIgniter\View\View->render('/public/Home/promotion', [], true)
 3 APPPATH\Controllers\Home.php(78): view('/public/Home/promotion', [...])
 4 SYSTEMPATH\CodeIgniter.php(907): App\Controllers\Home->modifier_promotion('4')
 5 SYSTEMPATH\CodeIgniter.php(457): CodeIgniter\CodeIgniter->runController(Object(App\Controllers\Home))
 6 SYSTEMPATH\CodeIgniter.php(340): CodeIgniter\CodeIgniter->handleRequest(null, Object(Config\Cache), false)
 7 FCPATH\index.php(67): CodeIgniter\CodeIgniter->run()
CRITICAL - 2023-02-04 22:41:05 --> Invalid file: public/Home/promotion.php
in SYSTEMPATH\Exceptions\FrameworkException.php on line 33.
 1 SYSTEMPATH\View\View.php(201): CodeIgniter\Exceptions\FrameworkException::forInvalidFile('public/Home/promotion.php')
 2 SYSTEMPATH\Common.php(1142): CodeIgniter\View\View->render('public/Home/promotion', [], true)
 3 APPPATH\Controllers\Home.php(78): view('public/Home/promotion', [...])
 4 SYSTEMPATH\CodeIgniter.php(907): App\Controllers\Home->modifier_promotion('4')
 5 SYSTEMPATH\CodeIgniter.php(457): CodeIgniter\CodeIgniter->runController(Object(App\Controllers\Home))
 6 SYSTEMPATH\CodeIgniter.php(340): CodeIgniter\CodeIgniter->handleRequest(null, Object(Config\Cache), false)
 7 FCPATH\index.php(67): CodeIgniter\CodeIgniter->run()
CRITICAL - 2023-02-04 22:41:52 --> Invalid file: public/Home/promotion.php
in SYSTEMPATH\Exceptions\FrameworkException.php on line 33.
 1 SYSTEMPATH\View\View.php(201): CodeIgniter\Exceptions\FrameworkException::forInvalidFile('public/Home/promotion.php')
 2 SYSTEMPATH\Common.php(1142): CodeIgniter\View\View->render('public/Home/promotion', [], true)
 3 APPPATH\Controllers\Home.php(78): view('public/Home/promotion', [...])
 4 SYSTEMPATH\CodeIgniter.php(907): App\Controllers\Home->modifier_promotion('4')
 5 SYSTEMPATH\CodeIgniter.php(457): CodeIgniter\CodeIgniter->runController(Object(App\Controllers\Home))
 6 SYSTEMPATH\CodeIgniter.php(340): CodeIgniter\CodeIgniter->handleRequest(null, Object(Config\Cache), false)
 7 FCPATH\index.php(67): CodeIgniter\CodeIgniter->run()
CRITICAL - 2023-02-04 22:46:42 --> Invalid file: public/Home/promotion.php
in SYSTEMPATH\Exceptions\FrameworkException.php on line 33.
 1 SYSTEMPATH\View\View.php(201): CodeIgniter\Exceptions\FrameworkException::forInvalidFile('public/Home/promotion.php')
 2 SYSTEMPATH\Common.php(1142): CodeIgniter\View\View->render('public/Home/promotion', [], true)
 3 APPPATH\Controllers\Home.php(78): view('public/Home/promotion', [...])
 4 SYSTEMPATH\CodeIgniter.php(907): App\Controllers\Home->modifier_promotion('21')
 5 SYSTEMPATH\CodeIgniter.php(457): CodeIgniter\CodeIgniter->runController(Object(App\Controllers\Home))
 6 SYSTEMPATH\CodeIgniter.php(340): CodeIgniter\CodeIgniter->handleRequest(null, Object(Config\Cache), false)
 7 FCPATH\index.php(67): CodeIgniter\CodeIgniter->run()
CRITICAL - 2023-02-04 22:56:33 --> Invalid file: public/Home/promotion.php
in SYSTEMPATH\Exceptions\FrameworkException.php on line 33.
 1 SYSTEMPATH\View\View.php(201): CodeIgniter\Exceptions\FrameworkException::forInvalidFile('public/Home/promotion.php')
 2 SYSTEMPATH\Common.php(1142): CodeIgniter\View\View->render('public/Home/promotion', [], true)
 3 APPPATH\Controllers\Home.php(78): view('public/Home/promotion', [...])
 4 SYSTEMPATH\CodeIgniter.php(907): App\Controllers\Home->modifier_promotion('4')
 5 SYSTEMPATH\CodeIgniter.php(457): CodeIgniter\CodeIgniter->runController(Object(App\Controllers\Home))
 6 SYSTEMPATH\CodeIgniter.php(340): CodeIgniter\CodeIgniter->handleRequest(null, Object(Config\Cache), false)
 7 FCPATH\index.php(67): CodeIgniter\CodeIgniter->run()
CRITICAL - 2023-02-04 23:12:30 --> Invalid file: public/Home/promotion.php
in SYSTEMPATH\Exceptions\FrameworkException.php on line 33.
 1 SYSTEMPATH\View\View.php(201): CodeIgniter\Exceptions\FrameworkException::forInvalidFile('public/Home/promotion.php')
 2 SYSTEMPATH\Common.php(1142): CodeIgniter\View\View->render('public/Home/promotion', [], true)
 3 APPPATH\Controllers\Home.php(78): view('public/Home/promotion', [...])
 4 SYSTEMPATH\CodeIgniter.php(907): App\Controllers\Home->modifier_promotion('4')
 5 SYSTEMPATH\CodeIgniter.php(457): CodeIgniter\CodeIgniter->runController(Object(App\Controllers\Home))
 6 SYSTEMPATH\CodeIgniter.php(340): CodeIgniter\CodeIgniter->handleRequest(null, Object(Config\Cache), false)
 7 FCPATH\index.php(67): CodeIgniter\CodeIgniter->run()
CRITICAL - 2023-02-04 23:16:28 --> Invalid file: public/Home/promotion.php
in SYSTEMPATH\Exceptions\FrameworkException.php on line 33.
 1 SYSTEMPATH\View\View.php(201): CodeIgniter\Exceptions\FrameworkException::forInvalidFile('public/Home/promotion.php')
 2 SYSTEMPATH\Common.php(1142): CodeIgniter\View\View->render('public/Home/promotion', [], true)
 3 APPPATH\Controllers\Home.php(78): view('public/Home/promotion', [...])
 4 SYSTEMPATH\CodeIgniter.php(907): App\Controllers\Home->modifier_promotion('4')
 5 SYSTEMPATH\CodeIgniter.php(457): CodeIgniter\CodeIgniter->runController(Object(App\Controllers\Home))
 6 SYSTEMPATH\CodeIgniter.php(340): CodeIgniter\CodeIgniter->handleRequest(null, Object(Config\Cache), false)
 7 FCPATH\index.php(67): CodeIgniter\CodeIgniter->run()
CRITICAL - 2023-02-04 23:20:30 --> Invalid file: public/Home/.php
in SYSTEMPATH\Exceptions\FrameworkException.php on line 33.
 1 SYSTEMPATH\View\View.php(201): CodeIgniter\Exceptions\FrameworkException::forInvalidFile('public/Home/.php')
 2 SYSTEMPATH\Common.php(1142): CodeIgniter\View\View->render('public/Home/', [], true)
 3 APPPATH\Controllers\Home.php(78): view('public/Home/', [...])
 4 SYSTEMPATH\CodeIgniter.php(907): App\Controllers\Home->modifier_promotion('4')
 5 SYSTEMPATH\CodeIgniter.php(457): CodeIgniter\CodeIgniter->runController(Object(App\Controllers\Home))
 6 SYSTEMPATH\CodeIgniter.php(340): CodeIgniter\CodeIgniter->handleRequest(null, Object(Config\Cache), false)
 7 FCPATH\index.php(67): CodeIgniter\CodeIgniter->run()
CRITICAL - 2023-02-04 23:21:59 --> Invalid file: /public/promotion.php
in SYSTEMPATH\Exceptions\FrameworkException.php on line 33.
 1 SYSTEMPATH\View\View.php(201): CodeIgniter\Exceptions\FrameworkException::forInvalidFile('/public/promotion.php')
 2 SYSTEMPATH\Common.php(1142): CodeIgniter\View\View->render('/public/promotion', [], true)
 3 APPPATH\Controllers\Home.php(78): view('/public/promotion', [...])
 4 SYSTEMPATH\CodeIgniter.php(907): App\Controllers\Home->modifier_promotion('4')
 5 SYSTEMPATH\CodeIgniter.php(457): CodeIgniter\CodeIgniter->runController(Object(App\Controllers\Home))
 6 SYSTEMPATH\CodeIgniter.php(340): CodeIgniter\CodeIgniter->handleRequest(null, Object(Config\Cache), false)
 7 FCPATH\index.php(67): CodeIgniter\CodeIgniter->run()
CRITICAL - 2023-02-04 23:22:19 --> Invalid file: public/promotion.php
in SYSTEMPATH\Exceptions\FrameworkException.php on line 33.
 1 SYSTEMPATH\View\View.php(201): CodeIgniter\Exceptions\FrameworkException::forInvalidFile('public/promotion.php')
 2 SYSTEMPATH\Common.php(1142): CodeIgniter\View\View->render('public/promotion', [], true)
 3 APPPATH\Controllers\Home.php(78): view('public/promotion', [...])
 4 SYSTEMPATH\CodeIgniter.php(907): App\Controllers\Home->modifier_promotion('4')
 5 SYSTEMPATH\CodeIgniter.php(457): CodeIgniter\CodeIgniter->runController(Object(App\Controllers\Home))
 6 SYSTEMPATH\CodeIgniter.php(340): CodeIgniter\CodeIgniter->handleRequest(null, Object(Config\Cache), false)
 7 FCPATH\index.php(67): CodeIgniter\CodeIgniter->run()
CRITICAL - 2023-02-04 23:22:24 --> Invalid file: public/promotion.php
in SYSTEMPATH\Exceptions\FrameworkException.php on line 33.
 1 SYSTEMPATH\View\View.php(201): CodeIgniter\Exceptions\FrameworkException::forInvalidFile('public/promotion.php')
 2 SYSTEMPATH\Common.php(1142): CodeIgniter\View\View->render('public/promotion', [], true)
 3 APPPATH\Controllers\Home.php(78): view('public/promotion', [...])
 4 SYSTEMPATH\CodeIgniter.php(907): App\Controllers\Home->modifier_promotion('4')
 5 SYSTEMPATH\CodeIgniter.php(457): CodeIgniter\CodeIgniter->runController(Object(App\Controllers\Home))
 6 SYSTEMPATH\CodeIgniter.php(340): CodeIgniter\CodeIgniter->handleRequest(null, Object(Config\Cache), false)
 7 FCPATH\index.php(67): CodeIgniter\CodeIgniter->run()
CRITICAL - 2023-02-04 23:22:48 --> Invalid file: promotion.php
in SYSTEMPATH\Exceptions\FrameworkException.php on line 33.
 1 SYSTEMPATH\View\View.php(201): CodeIgniter\Exceptions\FrameworkException::forInvalidFile('promotion.php')
 2 SYSTEMPATH\Common.php(1142): CodeIgniter\View\View->render('promotion', [], true)
 3 APPPATH\Controllers\Home.php(78): view('promotion', [...])
 4 SYSTEMPATH\CodeIgniter.php(907): App\Controllers\Home->modifier_promotion('4')
 5 SYSTEMPATH\CodeIgniter.php(457): CodeIgniter\CodeIgniter->runController(Object(App\Controllers\Home))
 6 SYSTEMPATH\CodeIgniter.php(340): CodeIgniter\CodeIgniter->handleRequest(null, Object(Config\Cache), false)
 7 FCPATH\index.php(67): CodeIgniter\CodeIgniter->run()
