CRITICAL - 2023-02-08 13:33:08 --> Invalid file: public/Home/conseil_orientation.php
in SYSTEMPATH\Exceptions\FrameworkException.php on line 33.
 1 SYSTEMPATH\View\View.php(201): CodeIgniter\Exceptions\FrameworkException::forInvalidFile('public/Home/conseil_orientation.php')
 2 SYSTEMPATH\Common.php(1142): CodeIgniter\View\View->render('public/Home/conseil_orientation', [], true)
 3 APPPATH\Controllers\Home.php(214): view('public/Home/conseil_orientation')
 4 SYSTEMPATH\CodeIgniter.php(907): App\Controllers\Home->conseil_orientation()
 5 SYSTEMPATH\CodeIgniter.php(457): CodeIgniter\CodeIgniter->runController(Object(App\Controllers\Home))
 6 SYSTEMPATH\CodeIgniter.php(340): CodeIgniter\CodeIgniter->handleRequest(null, Object(Config\Cache), false)
 7 FCPATH\index.php(67): CodeIgniter\CodeIgniter->run()
CRITICAL - 2023-02-08 13:33:24 --> Invalid file: public/Home/conseil_orientation.php
in SYSTEMPATH\Exceptions\FrameworkException.php on line 33.
 1 SYSTEMPATH\View\View.php(201): CodeIgniter\Exceptions\FrameworkException::forInvalidFile('public/Home/conseil_orientation.php')
 2 SYSTEMPATH\Common.php(1142): CodeIgniter\View\View->render('public/Home/conseil_orientation', [], true)
 3 APPPATH\Controllers\Home.php(214): view('public/Home/conseil_orientation')
 4 SYSTEMPATH\CodeIgniter.php(907): App\Controllers\Home->conseil_orientation()
 5 SYSTEMPATH\CodeIgniter.php(457): CodeIgniter\CodeIgniter->runController(Object(App\Controllers\Home))
 6 SYSTEMPATH\CodeIgniter.php(340): CodeIgniter\CodeIgniter->handleRequest(null, Object(Config\Cache), false)
 7 FCPATH\index.php(67): CodeIgniter\CodeIgniter->run()
CRITICAL - 2023-02-08 13:38:14 --> Invalid file: /public/Home/conseil_orientation.php
in SYSTEMPATH\Exceptions\FrameworkException.php on line 33.
 1 SYSTEMPATH\View\View.php(201): CodeIgniter\Exceptions\FrameworkException::forInvalidFile('/public/Home/conseil_orientation.php')
 2 SYSTEMPATH\Common.php(1142): CodeIgniter\View\View->render('/public/Home/conseil_orientation', [], true)
 3 APPPATH\Controllers\Home.php(214): view('/public/Home/conseil_orientation')
 4 SYSTEMPATH\CodeIgniter.php(907): App\Controllers\Home->conseil_orientation()
 5 SYSTEMPATH\CodeIgniter.php(457): CodeIgniter\CodeIgniter->runController(Object(App\Controllers\Home))
 6 SYSTEMPATH\CodeIgniter.php(340): CodeIgniter\CodeIgniter->handleRequest(null, Object(Config\Cache), false)
 7 FCPATH\index.php(67): CodeIgniter\CodeIgniter->run()
CRITICAL - 2023-02-08 13:48:33 --> Invalid file: /public/Home/conseil_orientation.php
in SYSTEMPATH\Exceptions\FrameworkException.php on line 33.
 1 SYSTEMPATH\View\View.php(201): CodeIgniter\Exceptions\FrameworkException::forInvalidFile('/public/Home/conseil_orientation.php')
 2 SYSTEMPATH\Common.php(1142): CodeIgniter\View\View->render('/public/Home/conseil_orientation', [], true)
 3 APPPATH\Controllers\Home.php(214): view('/public/Home/conseil_orientation')
 4 SYSTEMPATH\CodeIgniter.php(907): App\Controllers\Home->conseil_orientation()
 5 SYSTEMPATH\CodeIgniter.php(457): CodeIgniter\CodeIgniter->runController(Object(App\Controllers\Home))
 6 SYSTEMPATH\CodeIgniter.php(340): CodeIgniter\CodeIgniter->handleRequest(null, Object(Config\Cache), false)
 7 FCPATH\index.php(67): CodeIgniter\CodeIgniter->run()
CRITICAL - 2023-02-08 13:58:40 --> Invalid file: /public/Home/conseil_orientation.php
in SYSTEMPATH\Exceptions\FrameworkException.php on line 33.
 1 SYSTEMPATH\View\View.php(201): CodeIgniter\Exceptions\FrameworkException::forInvalidFile('/public/Home/conseil_orientation.php')
 2 SYSTEMPATH\Common.php(1142): CodeIgniter\View\View->render('/public/Home/conseil_orientation', [], true)
 3 APPPATH\Controllers\Home.php(214): view('/public/Home/conseil_orientation')
 4 SYSTEMPATH\CodeIgniter.php(907): App\Controllers\Home->conseil_orientation()
 5 SYSTEMPATH\CodeIgniter.php(457): CodeIgniter\CodeIgniter->runController(Object(App\Controllers\Home))
 6 SYSTEMPATH\CodeIgniter.php(340): CodeIgniter\CodeIgniter->handleRequest(null, Object(Config\Cache), false)
 7 FCPATH\index.php(67): CodeIgniter\CodeIgniter->run()
CRITICAL - 2023-02-08 13:59:52 --> Invalid file: Home/orientation.php
in SYSTEMPATH\Exceptions\FrameworkException.php on line 33.
 1 SYSTEMPATH\View\View.php(201): CodeIgniter\Exceptions\FrameworkException::forInvalidFile('Home/orientation.php')
 2 SYSTEMPATH\Common.php(1142): CodeIgniter\View\View->render('Home/orientation', [], true)
 3 APPPATH\Controllers\Home.php(214): view('Home/orientation')
 4 SYSTEMPATH\CodeIgniter.php(907): App\Controllers\Home->conseil_orientation()
 5 SYSTEMPATH\CodeIgniter.php(457): CodeIgniter\CodeIgniter->runController(Object(App\Controllers\Home))
 6 SYSTEMPATH\CodeIgniter.php(340): CodeIgniter\CodeIgniter->handleRequest(null, Object(Config\Cache), false)
 7 FCPATH\index.php(67): CodeIgniter\CodeIgniter->run()
CRITICAL - 2023-02-08 15:27:35 --> Invalid file: Home/basic_tablle.php
in SYSTEMPATH\Exceptions\FrameworkException.php on line 33.
 1 SYSTEMPATH\View\View.php(201): CodeIgniter\Exceptions\FrameworkException::forInvalidFile('Home/basic_tablle.php')
 2 SYSTEMPATH\Common.php(1142): CodeIgniter\View\View->render('Home/basic_tablle', [], true)
 3 APPPATH\Controllers\Home.php(225): view('Home/basic_tablle')
 4 SYSTEMPATH\CodeIgniter.php(907): App\Controllers\Home->basic_table()
 5 SYSTEMPATH\CodeIgniter.php(457): CodeIgniter\CodeIgniter->runController(Object(App\Controllers\Home))
 6 SYSTEMPATH\CodeIgniter.php(340): CodeIgniter\CodeIgniter->handleRequest(null, Object(Config\Cache), false)
 7 FCPATH\index.php(67): CodeIgniter\CodeIgniter->run()
