CRITICAL - 2023-02-10 06:01:32 --> Undefined variable $data
in APPPATH\Controllers\Home.php on line 57.
 1 APPPATH\Controllers\Home.php(57): CodeIgniter\Debug\Exceptions->errorHandler(2, 'Undefined variable $data', 'APPPATH\\Controllers\\Home.php', 57)
 2 SYSTEMPATH\CodeIgniter.php(907): App\Controllers\Home->etudiant()
 3 SYSTEMPATH\CodeIgniter.php(457): CodeIgniter\CodeIgniter->runController(Object(App\Controllers\Home))
 4 SYSTEMPATH\CodeIgniter.php(340): CodeIgniter\CodeIgniter->handleRequest(null, Object(Config\Cache), false)
 5 FCPATH\index.php(67): CodeIgniter\CodeIgniter->run()
ERROR - 2023-02-10 06:36:35 --> mysqli_sql_exception: Column 'id_promotion' cannot be null in C:\xampp\htdocs\gestion_univ\system\Database\MySQLi\Connection.php:292
Stack trace:
#0 C:\xampp\htdocs\gestion_univ\system\Database\MySQLi\Connection.php(292): mysqli->query('INSERT INTO `et...', 0)
#1 C:\xampp\htdocs\gestion_univ\system\Database\BaseConnection.php(693): CodeIgniter\Database\MySQLi\Connection->execute('INSERT INTO `et...')
#2 C:\xampp\htdocs\gestion_univ\system\Database\BaseConnection.php(620): CodeIgniter\Database\BaseConnection->simpleQuery('INSERT INTO `et...')
#3 C:\xampp\htdocs\gestion_univ\system\Database\BaseBuilder.php(1916): CodeIgniter\Database\BaseConnection->query('INSERT INTO `et...', Array, false)
#4 C:\xampp\htdocs\gestion_univ\system\Model.php(279): CodeIgniter\Database\BaseBuilder->insert()
#5 C:\xampp\htdocs\gestion_univ\system\BaseModel.php(738): CodeIgniter\Model->doInsert(Array)
#6 C:\xampp\htdocs\gestion_univ\system\Model.php(667): CodeIgniter\BaseModel->insert(Array, true)
#7 C:\xampp\htdocs\gestion_univ\app\Controllers\Home.php(87): CodeIgniter\Model->insert(Array)
#8 C:\xampp\htdocs\gestion_univ\system\CodeIgniter.php(907): App\Controllers\Home->ajouter_etudiant()
#9 C:\xampp\htdocs\gestion_univ\system\CodeIgniter.php(457): CodeIgniter\CodeIgniter->runController(Object(App\Controllers\Home))
#10 C:\xampp\htdocs\gestion_univ\system\CodeIgniter.php(340): CodeIgniter\CodeIgniter->handleRequest(NULL, Object(Config\Cache), false)
#11 C:\xampp\htdocs\gestion_univ\public\index.php(67): CodeIgniter\CodeIgniter->run()
#12 {main}
CRITICAL - 2023-02-10 06:36:35 --> Column 'id_promotion' cannot be null
in SYSTEMPATH\Database\MySQLi\Connection.php on line 292.
 1 SYSTEMPATH\Database\MySQLi\Connection.php(292): mysqli->query('INSERT INTO `etudiant` (`nom`, `postnom`, `prenom`, `genre`, `date_naissance`, `lieu_naissance`, `id_promotion`, `date_creation`, `date_modification`) VALUES (\' Basics codingg\', \'Ndje\', \'rolande\', \'F\', \'01-05-1999\', \'Ndjamena\', NULL, \'2023-02-10 06:36:35\', \'2023-02-10 06:36:35\')', 0)
 2 SYSTEMPATH\Database\BaseConnection.php(693): CodeIgniter\Database\MySQLi\Connection->execute('INSERT INTO `etudiant` (`nom`, `postnom`, `prenom`, `genre`, `date_naissance`, `lieu_naissance`, `id_promotion`, `date_creation`, `date_modification`) VALUES (\' Basics codingg\', \'Ndje\', \'rolande\', \'F\', \'01-05-1999\', \'Ndjamena\', NULL, \'2023-02-10 06:36:35\', \'2023-02-10 06:36:35\')')
 3 SYSTEMPATH\Database\BaseConnection.php(620): CodeIgniter\Database\BaseConnection->simpleQuery('INSERT INTO `etudiant` (`nom`, `postnom`, `prenom`, `genre`, `date_naissance`, `lieu_naissance`, `id_promotion`, `date_creation`, `date_modification`) VALUES (\' Basics codingg\', \'Ndje\', \'rolande\', \'F\', \'01-05-1999\', \'Ndjamena\', NULL, \'2023-02-10 06:36:35\', \'2023-02-10 06:36:35\')')
 4 SYSTEMPATH\Database\BaseBuilder.php(1916): CodeIgniter\Database\BaseConnection->query('INSERT INTO `etudiant` (`nom`, `postnom`, `prenom`, `genre`, `date_naissance`, `lieu_naissance`, `id_promotion`, `date_creation`, `date_modification`) VALUES (:nom:, :postnom:, :prenom:, :genre:, :date_naissance:, :lieu_naissance:, :id_promotion:, :date_creation:, :date_modification:)', [...], false)
 5 SYSTEMPATH\Model.php(279): CodeIgniter\Database\BaseBuilder->insert()
 6 SYSTEMPATH\BaseModel.php(738): CodeIgniter\Model->doInsert([...])
 7 SYSTEMPATH\Model.php(667): CodeIgniter\BaseModel->insert([...], true)
 8 APPPATH\Controllers\Home.php(87): CodeIgniter\Model->insert([...])
 9 SYSTEMPATH\CodeIgniter.php(907): App\Controllers\Home->ajouter_etudiant()
10 SYSTEMPATH\CodeIgniter.php(457): CodeIgniter\CodeIgniter->runController(Object(App\Controllers\Home))
11 SYSTEMPATH\CodeIgniter.php(340): CodeIgniter\CodeIgniter->handleRequest(null, Object(Config\Cache), false)
12 FCPATH\index.php(67): CodeIgniter\CodeIgniter->run()
ERROR - 2023-02-10 06:37:53 --> mysqli_sql_exception: Column 'id_promotion' cannot be null in C:\xampp\htdocs\gestion_univ\system\Database\MySQLi\Connection.php:292
Stack trace:
#0 C:\xampp\htdocs\gestion_univ\system\Database\MySQLi\Connection.php(292): mysqli->query('INSERT INTO `et...', 0)
#1 C:\xampp\htdocs\gestion_univ\system\Database\BaseConnection.php(693): CodeIgniter\Database\MySQLi\Connection->execute('INSERT INTO `et...')
#2 C:\xampp\htdocs\gestion_univ\system\Database\BaseConnection.php(620): CodeIgniter\Database\BaseConnection->simpleQuery('INSERT INTO `et...')
#3 C:\xampp\htdocs\gestion_univ\system\Database\BaseBuilder.php(1916): CodeIgniter\Database\BaseConnection->query('INSERT INTO `et...', Array, false)
#4 C:\xampp\htdocs\gestion_univ\system\Model.php(279): CodeIgniter\Database\BaseBuilder->insert()
#5 C:\xampp\htdocs\gestion_univ\system\BaseModel.php(738): CodeIgniter\Model->doInsert(Array)
#6 C:\xampp\htdocs\gestion_univ\system\Model.php(667): CodeIgniter\BaseModel->insert(Array, true)
#7 C:\xampp\htdocs\gestion_univ\app\Controllers\Home.php(87): CodeIgniter\Model->insert(Array)
#8 C:\xampp\htdocs\gestion_univ\system\CodeIgniter.php(907): App\Controllers\Home->ajouter_etudiant()
#9 C:\xampp\htdocs\gestion_univ\system\CodeIgniter.php(457): CodeIgniter\CodeIgniter->runController(Object(App\Controllers\Home))
#10 C:\xampp\htdocs\gestion_univ\system\CodeIgniter.php(340): CodeIgniter\CodeIgniter->handleRequest(NULL, Object(Config\Cache), false)
#11 C:\xampp\htdocs\gestion_univ\public\index.php(67): CodeIgniter\CodeIgniter->run()
#12 {main}
CRITICAL - 2023-02-10 06:37:53 --> Column 'id_promotion' cannot be null
in SYSTEMPATH\Database\MySQLi\Connection.php on line 292.
 1 SYSTEMPATH\Database\MySQLi\Connection.php(292): mysqli->query('INSERT INTO `etudiant` (`nom`, `postnom`, `prenom`, `genre`, `date_naissance`, `lieu_naissance`, `id_promotion`, `date_creation`, `date_modification`) VALUES (\' Basics codingg\', \'Ndje\', \'rolande\', \'F\', \'01-05-1999\', \'Ndjamena\', NULL, \'2023-02-10 06:37:53\', \'2023-02-10 06:37:53\')', 0)
 2 SYSTEMPATH\Database\BaseConnection.php(693): CodeIgniter\Database\MySQLi\Connection->execute('INSERT INTO `etudiant` (`nom`, `postnom`, `prenom`, `genre`, `date_naissance`, `lieu_naissance`, `id_promotion`, `date_creation`, `date_modification`) VALUES (\' Basics codingg\', \'Ndje\', \'rolande\', \'F\', \'01-05-1999\', \'Ndjamena\', NULL, \'2023-02-10 06:37:53\', \'2023-02-10 06:37:53\')')
 3 SYSTEMPATH\Database\BaseConnection.php(620): CodeIgniter\Database\BaseConnection->simpleQuery('INSERT INTO `etudiant` (`nom`, `postnom`, `prenom`, `genre`, `date_naissance`, `lieu_naissance`, `id_promotion`, `date_creation`, `date_modification`) VALUES (\' Basics codingg\', \'Ndje\', \'rolande\', \'F\', \'01-05-1999\', \'Ndjamena\', NULL, \'2023-02-10 06:37:53\', \'2023-02-10 06:37:53\')')
 4 SYSTEMPATH\Database\BaseBuilder.php(1916): CodeIgniter\Database\BaseConnection->query('INSERT INTO `etudiant` (`nom`, `postnom`, `prenom`, `genre`, `date_naissance`, `lieu_naissance`, `id_promotion`, `date_creation`, `date_modification`) VALUES (:nom:, :postnom:, :prenom:, :genre:, :date_naissance:, :lieu_naissance:, :id_promotion:, :date_creation:, :date_modification:)', [...], false)
 5 SYSTEMPATH\Model.php(279): CodeIgniter\Database\BaseBuilder->insert()
 6 SYSTEMPATH\BaseModel.php(738): CodeIgniter\Model->doInsert([...])
 7 SYSTEMPATH\Model.php(667): CodeIgniter\BaseModel->insert([...], true)
 8 APPPATH\Controllers\Home.php(87): CodeIgniter\Model->insert([...])
 9 SYSTEMPATH\CodeIgniter.php(907): App\Controllers\Home->ajouter_etudiant()
10 SYSTEMPATH\CodeIgniter.php(457): CodeIgniter\CodeIgniter->runController(Object(App\Controllers\Home))
11 SYSTEMPATH\CodeIgniter.php(340): CodeIgniter\CodeIgniter->handleRequest(null, Object(Config\Cache), false)
12 FCPATH\index.php(67): CodeIgniter\CodeIgniter->run()
