CRITICAL - 2022-12-31 03:37:07 --> The framework needs the following extension(s) installed and loaded: intl.
in SYSTEMPATH\CodeIgniter.php on line 219.
 1 SYSTEMPATH\CodeIgniter.php(219): CodeIgniter\Exceptions\FrameworkException::forMissingExtension('intl')
 2 SYSTEMPATH\CodeIgniter.php(177): CodeIgniter\CodeIgniter->resolvePlatformExtensions()
 3 FCPATH\index.php(55): CodeIgniter\CodeIgniter->initialize()
CRITICAL - 2022-12-31 03:38:58 --> The framework needs the following extension(s) installed and loaded: intl.
in SYSTEMPATH\CodeIgniter.php on line 219.
 1 SYSTEMPATH\CodeIgniter.php(219): CodeIgniter\Exceptions\FrameworkException::forMissingExtension('intl')
 2 SYSTEMPATH\CodeIgniter.php(177): CodeIgniter\CodeIgniter->resolvePlatformExtensions()
 3 FCPATH\index.php(55): CodeIgniter\CodeIgniter->initialize()
CRITICAL - 2022-12-31 04:00:51 --> The framework needs the following extension(s) installed and loaded: intl.
in SYSTEMPATH\CodeIgniter.php on line 219.
 1 SYSTEMPATH\CodeIgniter.php(219): CodeIgniter\Exceptions\FrameworkException::forMissingExtension('intl')
 2 SYSTEMPATH\CodeIgniter.php(177): CodeIgniter\CodeIgniter->resolvePlatformExtensions()
 3 FCPATH\index.php(55): CodeIgniter\CodeIgniter->initialize()
CRITICAL - 2022-12-31 04:04:26 --> The framework needs the following extension(s) installed and loaded: intl.
in SYSTEMPATH\CodeIgniter.php on line 219.
 1 SYSTEMPATH\CodeIgniter.php(219): CodeIgniter\Exceptions\FrameworkException::forMissingExtension('intl')
 2 SYSTEMPATH\CodeIgniter.php(177): CodeIgniter\CodeIgniter->resolvePlatformExtensions()
 3 FCPATH\index.php(55): CodeIgniter\CodeIgniter->initialize()
CRITICAL - 2022-12-31 04:04:49 --> The framework needs the following extension(s) installed and loaded: intl.
in SYSTEMPATH\CodeIgniter.php on line 219.
 1 SYSTEMPATH\CodeIgniter.php(219): CodeIgniter\Exceptions\FrameworkException::forMissingExtension('intl')
 2 SYSTEMPATH\CodeIgniter.php(177): CodeIgniter\CodeIgniter->resolvePlatformExtensions()
 3 FCPATH\index.php(55): CodeIgniter\CodeIgniter->initialize()
CRITICAL - 2022-12-31 04:10:52 --> The framework needs the following extension(s) installed and loaded: intl.
in SYSTEMPATH\CodeIgniter.php on line 219.
 1 SYSTEMPATH\CodeIgniter.php(219): CodeIgniter\Exceptions\FrameworkException::forMissingExtension('intl')
 2 SYSTEMPATH\CodeIgniter.php(177): CodeIgniter\CodeIgniter->resolvePlatformExtensions()
 3 FCPATH\index.php(55): CodeIgniter\CodeIgniter->initialize()
CRITICAL - 2022-12-31 04:37:42 --> The framework needs the following extension(s) installed and loaded: intl.
in SYSTEMPATH\CodeIgniter.php on line 219.
 1 SYSTEMPATH\CodeIgniter.php(219): CodeIgniter\Exceptions\FrameworkException::forMissingExtension('intl')
 2 SYSTEMPATH\CodeIgniter.php(177): CodeIgniter\CodeIgniter->resolvePlatformExtensions()
 3 FCPATH\index.php(55): CodeIgniter\CodeIgniter->initialize()
CRITICAL - 2022-12-31 04:37:51 --> The framework needs the following extension(s) installed and loaded: intl.
in SYSTEMPATH\CodeIgniter.php on line 219.
 1 SYSTEMPATH\CodeIgniter.php(219): CodeIgniter\Exceptions\FrameworkException::forMissingExtension('intl')
 2 SYSTEMPATH\CodeIgniter.php(177): CodeIgniter\CodeIgniter->resolvePlatformExtensions()
 3 FCPATH\index.php(55): CodeIgniter\CodeIgniter->initialize()
CRITICAL - 2022-12-31 04:37:53 --> The framework needs the following extension(s) installed and loaded: intl.
in SYSTEMPATH\CodeIgniter.php on line 219.
 1 SYSTEMPATH\CodeIgniter.php(219): CodeIgniter\Exceptions\FrameworkException::forMissingExtension('intl')
 2 SYSTEMPATH\CodeIgniter.php(177): CodeIgniter\CodeIgniter->resolvePlatformExtensions()
 3 FCPATH\index.php(55): CodeIgniter\CodeIgniter->initialize()
CRITICAL - 2022-12-31 04:37:54 --> The framework needs the following extension(s) installed and loaded: intl.
in SYSTEMPATH\CodeIgniter.php on line 219.
 1 SYSTEMPATH\CodeIgniter.php(219): CodeIgniter\Exceptions\FrameworkException::forMissingExtension('intl')
 2 SYSTEMPATH\CodeIgniter.php(177): CodeIgniter\CodeIgniter->resolvePlatformExtensions()
 3 FCPATH\index.php(55): CodeIgniter\CodeIgniter->initialize()
CRITICAL - 2022-12-31 04:37:54 --> The framework needs the following extension(s) installed and loaded: intl.
in SYSTEMPATH\CodeIgniter.php on line 219.
 1 SYSTEMPATH\CodeIgniter.php(219): CodeIgniter\Exceptions\FrameworkException::forMissingExtension('intl')
 2 SYSTEMPATH\CodeIgniter.php(177): CodeIgniter\CodeIgniter->resolvePlatformExtensions()
 3 FCPATH\index.php(55): CodeIgniter\CodeIgniter->initialize()
CRITICAL - 2022-12-31 04:37:54 --> The framework needs the following extension(s) installed and loaded: intl.
in SYSTEMPATH\CodeIgniter.php on line 219.
 1 SYSTEMPATH\CodeIgniter.php(219): CodeIgniter\Exceptions\FrameworkException::forMissingExtension('intl')
 2 SYSTEMPATH\CodeIgniter.php(177): CodeIgniter\CodeIgniter->resolvePlatformExtensions()
 3 FCPATH\index.php(55): CodeIgniter\CodeIgniter->initialize()
CRITICAL - 2022-12-31 04:40:02 --> The framework needs the following extension(s) installed and loaded: intl.
in SYSTEMPATH\CodeIgniter.php on line 219.
 1 SYSTEMPATH\CodeIgniter.php(219): CodeIgniter\Exceptions\FrameworkException::forMissingExtension('intl')
 2 SYSTEMPATH\CodeIgniter.php(177): CodeIgniter\CodeIgniter->resolvePlatformExtensions()
 3 FCPATH\index.php(55): CodeIgniter\CodeIgniter->initialize()
