CRITICAL - 2023-02-06 01:31:34 --> Invalid file: public/Home/conseil_orientation.php
in SYSTEMPATH\Exceptions\FrameworkException.php on line 33.
 1 SYSTEMPATH\View\View.php(201): CodeIgniter\Exceptions\FrameworkException::forInvalidFile('public/Home/conseil_orientation.php')
 2 SYSTEMPATH\Common.php(1142): CodeIgniter\View\View->render('public/Home/conseil_orientation', [], true)
 3 APPPATH\Controllers\Home.php(202): view('public/Home/conseil_orientation')
 4 SYSTEMPATH\CodeIgniter.php(907): App\Controllers\Home->conseil_orientation()
 5 SYSTEMPATH\CodeIgniter.php(457): CodeIgniter\CodeIgniter->runController(Object(App\Controllers\Home))
 6 SYSTEMPATH\CodeIgniter.php(340): CodeIgniter\CodeIgniter->handleRequest(null, Object(Config\Cache), false)
 7 FCPATH\index.php(67): CodeIgniter\CodeIgniter->run()
CRITICAL - 2023-02-06 01:31:56 --> Invalid file: public/Home/conseil_orientation.php
in SYSTEMPATH\Exceptions\FrameworkException.php on line 33.
 1 SYSTEMPATH\View\View.php(201): CodeIgniter\Exceptions\FrameworkException::forInvalidFile('public/Home/conseil_orientation.php')
 2 SYSTEMPATH\Common.php(1142): CodeIgniter\View\View->render('public/Home/conseil_orientation', [], true)
 3 APPPATH\Controllers\Home.php(202): view('public/Home/conseil_orientation')
 4 SYSTEMPATH\CodeIgniter.php(907): App\Controllers\Home->conseil_orientation()
 5 SYSTEMPATH\CodeIgniter.php(457): CodeIgniter\CodeIgniter->runController(Object(App\Controllers\Home))
 6 SYSTEMPATH\CodeIgniter.php(340): CodeIgniter\CodeIgniter->handleRequest(null, Object(Config\Cache), false)
 7 FCPATH\index.php(67): CodeIgniter\CodeIgniter->run()
CRITICAL - 2023-02-06 03:53:12 --> Undefined variable $total_etudiants
in APPPATH\Views\Home\accueil.php on line 198.
 1 APPPATH\Views\Home\accueil.php(198): CodeIgniter\Debug\Exceptions->errorHandler(2, 'Undefined variable $total_etudiants', 'APPPATH\\Views\\Home\\accueil.php', 198)
 2 SYSTEMPATH\View\View.php(213): include('APPPATH\\Views\\Home\\accueil.php')
 3 SYSTEMPATH\View\View.php(216): CodeIgniter\View\View->CodeIgniter\View\{closure}()
 4 SYSTEMPATH\Common.php(1142): CodeIgniter\View\View->render('Home/accueil', [], true)
 5 APPPATH\Controllers\Home.php(46): view('Home/accueil', [...])
 6 SYSTEMPATH\CodeIgniter.php(907): App\Controllers\Home->accueil()
 7 SYSTEMPATH\CodeIgniter.php(457): CodeIgniter\CodeIgniter->runController(Object(App\Controllers\Home))
 8 SYSTEMPATH\CodeIgniter.php(340): CodeIgniter\CodeIgniter->handleRequest(null, Object(Config\Cache), false)
 9 FCPATH\index.php(67): CodeIgniter\CodeIgniter->run()
CRITICAL - 2023-02-06 04:43:57 --> Undefined variable $total_etudiants
in APPPATH\Views\Home\accueil.php on line 198.
 1 APPPATH\Views\Home\accueil.php(198): CodeIgniter\Debug\Exceptions->errorHandler(2, 'Undefined variable $total_etudiants', 'APPPATH\\Views\\Home\\accueil.php', 198)
 2 SYSTEMPATH\View\View.php(213): include('APPPATH\\Views\\Home\\accueil.php')
 3 SYSTEMPATH\View\View.php(216): CodeIgniter\View\View->CodeIgniter\View\{closure}()
 4 SYSTEMPATH\Common.php(1142): CodeIgniter\View\View->render('Home/accueil', [], true)
 5 APPPATH\Controllers\Home.php(46): view('Home/accueil', [...])
 6 SYSTEMPATH\CodeIgniter.php(907): App\Controllers\Home->accueil()
 7 SYSTEMPATH\CodeIgniter.php(457): CodeIgniter\CodeIgniter->runController(Object(App\Controllers\Home))
 8 SYSTEMPATH\CodeIgniter.php(340): CodeIgniter\CodeIgniter->handleRequest(null, Object(Config\Cache), false)
 9 FCPATH\index.php(67): CodeIgniter\CodeIgniter->run()
CRITICAL - 2023-02-06 04:45:37 --> Undefined variable $total_etudiants
in APPPATH\Views\Home\accueil.php on line 198.
 1 APPPATH\Views\Home\accueil.php(198): CodeIgniter\Debug\Exceptions->errorHandler(2, 'Undefined variable $total_etudiants', 'APPPATH\\Views\\Home\\accueil.php', 198)
 2 SYSTEMPATH\View\View.php(213): include('APPPATH\\Views\\Home\\accueil.php')
 3 SYSTEMPATH\View\View.php(216): CodeIgniter\View\View->CodeIgniter\View\{closure}()
 4 SYSTEMPATH\Common.php(1142): CodeIgniter\View\View->render('Home/accueil', [], true)
 5 APPPATH\Controllers\Home.php(46): view('Home/accueil', [...])
 6 SYSTEMPATH\CodeIgniter.php(907): App\Controllers\Home->accueil()
 7 SYSTEMPATH\CodeIgniter.php(457): CodeIgniter\CodeIgniter->runController(Object(App\Controllers\Home))
 8 SYSTEMPATH\CodeIgniter.php(340): CodeIgniter\CodeIgniter->handleRequest(null, Object(Config\Cache), false)
 9 FCPATH\index.php(67): CodeIgniter\CodeIgniter->run()
CRITICAL - 2023-02-06 05:12:51 --> Undefined variable $the_etudiant
in APPPATH\Views\Home\etudiant.php on line 318.
 1 APPPATH\Views\Home\etudiant.php(318): CodeIgniter\Debug\Exceptions->errorHandler(2, 'Undefined variable $the_etudiant', 'APPPATH\\Views\\Home\\etudiant.php', 318)
 2 SYSTEMPATH\View\View.php(213): include('APPPATH\\Views\\Home\\etudiant.php')
 3 SYSTEMPATH\View\View.php(216): CodeIgniter\View\View->CodeIgniter\View\{closure}()
 4 SYSTEMPATH\Common.php(1142): CodeIgniter\View\View->render('Home/etudiant', [], true)
 5 APPPATH\Controllers\Home.php(57): view('Home/etudiant', [...])
 6 SYSTEMPATH\CodeIgniter.php(907): App\Controllers\Home->etudiant('4')
 7 SYSTEMPATH\CodeIgniter.php(457): CodeIgniter\CodeIgniter->runController(Object(App\Controllers\Home))
 8 SYSTEMPATH\CodeIgniter.php(340): CodeIgniter\CodeIgniter->handleRequest(null, Object(Config\Cache), false)
 9 FCPATH\index.php(67): CodeIgniter\CodeIgniter->run()
CRITICAL - 2023-02-06 13:54:48 --> foreach() argument must be of type array|object, int given
in APPPATH\Views\Home\etudiant.php on line 320.
 1 APPPATH\Views\Home\etudiant.php(320): CodeIgniter\Debug\Exceptions->errorHandler(2, 'foreach() argument must be of type array|object, int given', 'APPPATH\\Views\\Home\\etudiant.php', 320)
 2 SYSTEMPATH\View\View.php(213): include('APPPATH\\Views\\Home\\etudiant.php')
 3 SYSTEMPATH\View\View.php(216): CodeIgniter\View\View->CodeIgniter\View\{closure}()
 4 SYSTEMPATH\Common.php(1142): CodeIgniter\View\View->render('Home/etudiant', [], true)
 5 APPPATH\Controllers\Home.php(57): view('Home/etudiant', [...])
 6 SYSTEMPATH\CodeIgniter.php(907): App\Controllers\Home->etudiant('4')
 7 SYSTEMPATH\CodeIgniter.php(457): CodeIgniter\CodeIgniter->runController(Object(App\Controllers\Home))
 8 SYSTEMPATH\CodeIgniter.php(340): CodeIgniter\CodeIgniter->handleRequest(null, Object(Config\Cache), false)
 9 FCPATH\index.php(67): CodeIgniter\CodeIgniter->run()
CRITICAL - 2023-02-06 13:58:38 --> foreach() argument must be of type array|object, int given
in APPPATH\Views\Home\etudiant.php on line 320.
 1 APPPATH\Views\Home\etudiant.php(320): CodeIgniter\Debug\Exceptions->errorHandler(2, 'foreach() argument must be of type array|object, int given', 'APPPATH\\Views\\Home\\etudiant.php', 320)
 2 SYSTEMPATH\View\View.php(213): include('APPPATH\\Views\\Home\\etudiant.php')
 3 SYSTEMPATH\View\View.php(216): CodeIgniter\View\View->CodeIgniter\View\{closure}()
 4 SYSTEMPATH\Common.php(1142): CodeIgniter\View\View->render('Home/etudiant', [], true)
 5 APPPATH\Controllers\Home.php(57): view('Home/etudiant', [...])
 6 SYSTEMPATH\CodeIgniter.php(907): App\Controllers\Home->etudiant()
 7 SYSTEMPATH\CodeIgniter.php(457): CodeIgniter\CodeIgniter->runController(Object(App\Controllers\Home))
 8 SYSTEMPATH\CodeIgniter.php(340): CodeIgniter\CodeIgniter->handleRequest(null, Object(Config\Cache), false)
 9 FCPATH\index.php(67): CodeIgniter\CodeIgniter->run()
CRITICAL - 2023-02-06 14:00:37 --> foreach() argument must be of type array|object, int given
in APPPATH\Views\Home\etudiant.php on line 320.
 1 APPPATH\Views\Home\etudiant.php(320): CodeIgniter\Debug\Exceptions->errorHandler(2, 'foreach() argument must be of type array|object, int given', 'APPPATH\\Views\\Home\\etudiant.php', 320)
 2 SYSTEMPATH\View\View.php(213): include('APPPATH\\Views\\Home\\etudiant.php')
 3 SYSTEMPATH\View\View.php(216): CodeIgniter\View\View->CodeIgniter\View\{closure}()
 4 SYSTEMPATH\Common.php(1142): CodeIgniter\View\View->render('Home/etudiant', [], true)
 5 APPPATH\Controllers\Home.php(57): view('Home/etudiant', [...])
 6 SYSTEMPATH\CodeIgniter.php(907): App\Controllers\Home->etudiant()
 7 SYSTEMPATH\CodeIgniter.php(457): CodeIgniter\CodeIgniter->runController(Object(App\Controllers\Home))
 8 SYSTEMPATH\CodeIgniter.php(340): CodeIgniter\CodeIgniter->handleRequest(null, Object(Config\Cache), false)
 9 FCPATH\index.php(67): CodeIgniter\CodeIgniter->run()
CRITICAL - 2023-02-06 14:00:51 --> foreach() argument must be of type array|object, int given
in APPPATH\Views\Home\etudiant.php on line 320.
 1 APPPATH\Views\Home\etudiant.php(320): CodeIgniter\Debug\Exceptions->errorHandler(2, 'foreach() argument must be of type array|object, int given', 'APPPATH\\Views\\Home\\etudiant.php', 320)
 2 SYSTEMPATH\View\View.php(213): include('APPPATH\\Views\\Home\\etudiant.php')
 3 SYSTEMPATH\View\View.php(216): CodeIgniter\View\View->CodeIgniter\View\{closure}()
 4 SYSTEMPATH\Common.php(1142): CodeIgniter\View\View->render('Home/etudiant', [], true)
 5 APPPATH\Controllers\Home.php(57): view('Home/etudiant', [...])
 6 SYSTEMPATH\CodeIgniter.php(907): App\Controllers\Home->etudiant('4')
 7 SYSTEMPATH\CodeIgniter.php(457): CodeIgniter\CodeIgniter->runController(Object(App\Controllers\Home))
 8 SYSTEMPATH\CodeIgniter.php(340): CodeIgniter\CodeIgniter->handleRequest(null, Object(Config\Cache), false)
 9 FCPATH\index.php(67): CodeIgniter\CodeIgniter->run()
CRITICAL - 2023-02-06 14:02:15 --> Trying to access array offset on value of type int
in APPPATH\Views\Home\etudiant.php on line 320.
 1 APPPATH\Views\Home\etudiant.php(320): CodeIgniter\Debug\Exceptions->errorHandler(2, 'Trying to access array offset on value of type int', 'APPPATH\\Views\\Home\\etudiant.php', 320)
 2 SYSTEMPATH\View\View.php(213): include('APPPATH\\Views\\Home\\etudiant.php')
 3 SYSTEMPATH\View\View.php(216): CodeIgniter\View\View->CodeIgniter\View\{closure}()
 4 SYSTEMPATH\Common.php(1142): CodeIgniter\View\View->render('Home/etudiant', [], true)
 5 APPPATH\Controllers\Home.php(57): view('Home/etudiant', [...])
 6 SYSTEMPATH\CodeIgniter.php(907): App\Controllers\Home->etudiant('4')
 7 SYSTEMPATH\CodeIgniter.php(457): CodeIgniter\CodeIgniter->runController(Object(App\Controllers\Home))
 8 SYSTEMPATH\CodeIgniter.php(340): CodeIgniter\CodeIgniter->handleRequest(null, Object(Config\Cache), false)
 9 FCPATH\index.php(67): CodeIgniter\CodeIgniter->run()
CRITICAL - 2023-02-06 14:02:28 --> Trying to access array offset on value of type int
in APPPATH\Views\Home\etudiant.php on line 320.
 1 APPPATH\Views\Home\etudiant.php(320): CodeIgniter\Debug\Exceptions->errorHandler(2, 'Trying to access array offset on value of type int', 'APPPATH\\Views\\Home\\etudiant.php', 320)
 2 SYSTEMPATH\View\View.php(213): include('APPPATH\\Views\\Home\\etudiant.php')
 3 SYSTEMPATH\View\View.php(216): CodeIgniter\View\View->CodeIgniter\View\{closure}()
 4 SYSTEMPATH\Common.php(1142): CodeIgniter\View\View->render('Home/etudiant', [], true)
 5 APPPATH\Controllers\Home.php(57): view('Home/etudiant', [...])
 6 SYSTEMPATH\CodeIgniter.php(907): App\Controllers\Home->etudiant('4')
 7 SYSTEMPATH\CodeIgniter.php(457): CodeIgniter\CodeIgniter->runController(Object(App\Controllers\Home))
 8 SYSTEMPATH\CodeIgniter.php(340): CodeIgniter\CodeIgniter->handleRequest(null, Object(Config\Cache), false)
 9 FCPATH\index.php(67): CodeIgniter\CodeIgniter->run()
CRITICAL - 2023-02-06 15:04:52 --> Undefined array key "promotion"
in APPPATH\Views\Home\etudiant.php on line 327.
 1 APPPATH\Views\Home\etudiant.php(327): CodeIgniter\Debug\Exceptions->errorHandler(2, 'Undefined array key "promotion"', 'APPPATH\\Views\\Home\\etudiant.php', 327)
 2 SYSTEMPATH\View\View.php(213): include('APPPATH\\Views\\Home\\etudiant.php')
 3 SYSTEMPATH\View\View.php(216): CodeIgniter\View\View->CodeIgniter\View\{closure}()
 4 SYSTEMPATH\Common.php(1142): CodeIgniter\View\View->render('Home/etudiant', [], true)
 5 APPPATH\Controllers\Home.php(57): view('Home/etudiant', [...])
 6 SYSTEMPATH\CodeIgniter.php(907): App\Controllers\Home->etudiant('4')
 7 SYSTEMPATH\CodeIgniter.php(457): CodeIgniter\CodeIgniter->runController(Object(App\Controllers\Home))
 8 SYSTEMPATH\CodeIgniter.php(340): CodeIgniter\CodeIgniter->handleRequest(null, Object(Config\Cache), false)
 9 FCPATH\index.php(67): CodeIgniter\CodeIgniter->run()
